ARM GAS  C:\Users\LOCALA~1\AppData\Local\Temp\cclBU2Ch.s 			page 1


   1              		.syntax unified
   2              		.cpu cortex-m0
   3              		.fpu softvfp
   4              		.eabi_attribute 20, 1
   5              		.eabi_attribute 21, 1
   6              		.eabi_attribute 23, 3
   7              		.eabi_attribute 24, 1
   8              		.eabi_attribute 25, 1
   9              		.eabi_attribute 26, 1
  10              		.eabi_attribute 30, 6
  11              		.eabi_attribute 34, 0
  12              		.eabi_attribute 18, 4
  13              		.thumb
  14              		.syntax unified
  15              		.file	"cyfitter_cfg.c"
  16              		.text
  17              	.Ltext0:
  18              		.cfi_sections	.debug_frame
  19              		.section	.text.CYMEMZERO,"ax",%progbits
  20              		.align	2
  21              		.code	16
  22              		.thumb_func
  23              		.type	CYMEMZERO, %function
  24              	CYMEMZERO:
  25              	.LFB1:
  26              		.file 1 "Generated_Source\\PSoC4\\cyfitter_cfg.c"
   1:Generated_Source\PSoC4/cyfitter_cfg.c **** 
   2:Generated_Source\PSoC4/cyfitter_cfg.c **** /*******************************************************************************
   3:Generated_Source\PSoC4/cyfitter_cfg.c **** * File Name: cyfitter_cfg.c
   4:Generated_Source\PSoC4/cyfitter_cfg.c **** * 
   5:Generated_Source\PSoC4/cyfitter_cfg.c **** * PSoC Creator  4.4
   6:Generated_Source\PSoC4/cyfitter_cfg.c **** *
   7:Generated_Source\PSoC4/cyfitter_cfg.c **** * Description:
   8:Generated_Source\PSoC4/cyfitter_cfg.c **** * This file contains device initialization code.
   9:Generated_Source\PSoC4/cyfitter_cfg.c **** * Except for the user defined sections in CyClockStartupError(), this file should not be modified.
  10:Generated_Source\PSoC4/cyfitter_cfg.c **** * This file is automatically generated by PSoC Creator.
  11:Generated_Source\PSoC4/cyfitter_cfg.c **** *
  12:Generated_Source\PSoC4/cyfitter_cfg.c **** ********************************************************************************
  13:Generated_Source\PSoC4/cyfitter_cfg.c **** * Copyright (c) 2007-2020 Cypress Semiconductor.  All rights reserved.
  14:Generated_Source\PSoC4/cyfitter_cfg.c **** * You may use this file only in accordance with the license, terms, conditions, 
  15:Generated_Source\PSoC4/cyfitter_cfg.c **** * disclaimers, and limitations in the end user license agreement accompanying 
  16:Generated_Source\PSoC4/cyfitter_cfg.c **** * the software package with which this file was provided.
  17:Generated_Source\PSoC4/cyfitter_cfg.c **** ********************************************************************************/
  18:Generated_Source\PSoC4/cyfitter_cfg.c **** 
  19:Generated_Source\PSoC4/cyfitter_cfg.c **** #include <string.h>
  20:Generated_Source\PSoC4/cyfitter_cfg.c **** #include "cytypes.h"
  21:Generated_Source\PSoC4/cyfitter_cfg.c **** #include "cydevice_trm.h"
  22:Generated_Source\PSoC4/cyfitter_cfg.c **** #include "cyfitter.h"
  23:Generated_Source\PSoC4/cyfitter_cfg.c **** #include "CyLib.h"
  24:Generated_Source\PSoC4/cyfitter_cfg.c **** #include "cyfitter_cfg.h"
  25:Generated_Source\PSoC4/cyfitter_cfg.c **** #include "cyapicallbacks.h"
  26:Generated_Source\PSoC4/cyfitter_cfg.c **** 
  27:Generated_Source\PSoC4/cyfitter_cfg.c **** 
  28:Generated_Source\PSoC4/cyfitter_cfg.c **** #if defined(__GNUC__) || defined(__ARMCC_VERSION)
  29:Generated_Source\PSoC4/cyfitter_cfg.c ****     #define CYPACKED 
  30:Generated_Source\PSoC4/cyfitter_cfg.c ****     #define CYPACKED_ATTR __attribute__ ((packed))
  31:Generated_Source\PSoC4/cyfitter_cfg.c ****     #define CYALIGNED __attribute__ ((aligned))
ARM GAS  C:\Users\LOCALA~1\AppData\Local\Temp\cclBU2Ch.s 			page 2


  32:Generated_Source\PSoC4/cyfitter_cfg.c ****     #define CY_CFG_UNUSED __attribute__ ((unused))
  33:Generated_Source\PSoC4/cyfitter_cfg.c ****     #ifndef CY_CFG_SECTION
  34:Generated_Source\PSoC4/cyfitter_cfg.c ****         #define CY_CFG_SECTION __attribute__ ((section(".psocinit")))
  35:Generated_Source\PSoC4/cyfitter_cfg.c ****     #endif
  36:Generated_Source\PSoC4/cyfitter_cfg.c ****     
  37:Generated_Source\PSoC4/cyfitter_cfg.c ****     #if defined(__ARMCC_VERSION)
  38:Generated_Source\PSoC4/cyfitter_cfg.c ****         #define CY_CFG_MEMORY_BARRIER() __memory_changed()
  39:Generated_Source\PSoC4/cyfitter_cfg.c ****     #else
  40:Generated_Source\PSoC4/cyfitter_cfg.c ****         #define CY_CFG_MEMORY_BARRIER() __sync_synchronize()
  41:Generated_Source\PSoC4/cyfitter_cfg.c ****     #endif
  42:Generated_Source\PSoC4/cyfitter_cfg.c ****     
  43:Generated_Source\PSoC4/cyfitter_cfg.c **** #elif defined(__ICCARM__)
  44:Generated_Source\PSoC4/cyfitter_cfg.c ****     #include <intrinsics.h>
  45:Generated_Source\PSoC4/cyfitter_cfg.c **** 
  46:Generated_Source\PSoC4/cyfitter_cfg.c ****     #define CYPACKED __packed
  47:Generated_Source\PSoC4/cyfitter_cfg.c ****     #define CYPACKED_ATTR 
  48:Generated_Source\PSoC4/cyfitter_cfg.c ****     #define CYALIGNED _Pragma("data_alignment=4")
  49:Generated_Source\PSoC4/cyfitter_cfg.c ****     #define CY_CFG_UNUSED _Pragma("diag_suppress=Pe177")
  50:Generated_Source\PSoC4/cyfitter_cfg.c ****     #define CY_CFG_SECTION _Pragma("location=\".psocinit\"")
  51:Generated_Source\PSoC4/cyfitter_cfg.c ****     
  52:Generated_Source\PSoC4/cyfitter_cfg.c ****     #define CY_CFG_MEMORY_BARRIER() __DMB()
  53:Generated_Source\PSoC4/cyfitter_cfg.c ****     
  54:Generated_Source\PSoC4/cyfitter_cfg.c **** #else
  55:Generated_Source\PSoC4/cyfitter_cfg.c ****     #error Unsupported toolchain
  56:Generated_Source\PSoC4/cyfitter_cfg.c **** #endif
  57:Generated_Source\PSoC4/cyfitter_cfg.c **** 
  58:Generated_Source\PSoC4/cyfitter_cfg.c **** #ifndef CYCODE
  59:Generated_Source\PSoC4/cyfitter_cfg.c ****     #define CYCODE
  60:Generated_Source\PSoC4/cyfitter_cfg.c **** #endif
  61:Generated_Source\PSoC4/cyfitter_cfg.c **** #ifndef CYDATA
  62:Generated_Source\PSoC4/cyfitter_cfg.c ****     #define CYDATA
  63:Generated_Source\PSoC4/cyfitter_cfg.c **** #endif
  64:Generated_Source\PSoC4/cyfitter_cfg.c **** #ifndef CYFAR
  65:Generated_Source\PSoC4/cyfitter_cfg.c ****     #define CYFAR
  66:Generated_Source\PSoC4/cyfitter_cfg.c **** #endif
  67:Generated_Source\PSoC4/cyfitter_cfg.c **** #ifndef CYXDATA
  68:Generated_Source\PSoC4/cyfitter_cfg.c ****     #define CYXDATA
  69:Generated_Source\PSoC4/cyfitter_cfg.c **** #endif
  70:Generated_Source\PSoC4/cyfitter_cfg.c **** 
  71:Generated_Source\PSoC4/cyfitter_cfg.c **** 
  72:Generated_Source\PSoC4/cyfitter_cfg.c **** CY_CFG_UNUSED
  73:Generated_Source\PSoC4/cyfitter_cfg.c **** static void CYMEMZERO(void *s, size_t n);
  74:Generated_Source\PSoC4/cyfitter_cfg.c **** CY_CFG_UNUSED
  75:Generated_Source\PSoC4/cyfitter_cfg.c **** static void CYMEMZERO(void *s, size_t n)
  76:Generated_Source\PSoC4/cyfitter_cfg.c **** {
  27              		.loc 1 76 0
  28              		.cfi_startproc
  29              		@ args = 0, pretend = 0, frame = 8
  30              		@ frame_needed = 1, uses_anonymous_args = 0
  31 0000 80B5     		push	{r7, lr}
  32              		.cfi_def_cfa_offset 8
  33              		.cfi_offset 7, -8
  34              		.cfi_offset 14, -4
  35 0002 82B0     		sub	sp, sp, #8
  36              		.cfi_def_cfa_offset 16
  37 0004 00AF     		add	r7, sp, #0
  38              		.cfi_def_cfa_register 7
ARM GAS  C:\Users\LOCALA~1\AppData\Local\Temp\cclBU2Ch.s 			page 3


  39 0006 7860     		str	r0, [r7, #4]
  40 0008 3960     		str	r1, [r7]
  77:Generated_Source\PSoC4/cyfitter_cfg.c **** 	(void)memset(s, 0, n);
  41              		.loc 1 77 0
  42 000a 3A68     		ldr	r2, [r7]
  43 000c 7B68     		ldr	r3, [r7, #4]
  44 000e 0021     		movs	r1, #0
  45 0010 1800     		movs	r0, r3
  46 0012 FFF7FEFF 		bl	memset
  78:Generated_Source\PSoC4/cyfitter_cfg.c **** }
  47              		.loc 1 78 0
  48 0016 C046     		nop
  49 0018 BD46     		mov	sp, r7
  50 001a 02B0     		add	sp, sp, #8
  51              		@ sp needed
  52 001c 80BD     		pop	{r7, pc}
  53              		.cfi_endproc
  54              	.LFE1:
  55              		.size	CYMEMZERO, .-CYMEMZERO
  56 001e C046     		.section	.text.CYCONFIGCPY,"ax",%progbits
  57              		.align	2
  58              		.code	16
  59              		.thumb_func
  60              		.type	CYCONFIGCPY, %function
  61              	CYCONFIGCPY:
  62              	.LFB2:
  79:Generated_Source\PSoC4/cyfitter_cfg.c **** CY_CFG_UNUSED
  80:Generated_Source\PSoC4/cyfitter_cfg.c **** static void CYCONFIGCPY(void *dest, const void *src, size_t n);
  81:Generated_Source\PSoC4/cyfitter_cfg.c **** CY_CFG_UNUSED
  82:Generated_Source\PSoC4/cyfitter_cfg.c **** static void CYCONFIGCPY(void *dest, const void *src, size_t n)
  83:Generated_Source\PSoC4/cyfitter_cfg.c **** {
  63              		.loc 1 83 0
  64              		.cfi_startproc
  65              		@ args = 0, pretend = 0, frame = 16
  66              		@ frame_needed = 1, uses_anonymous_args = 0
  67 0000 80B5     		push	{r7, lr}
  68              		.cfi_def_cfa_offset 8
  69              		.cfi_offset 7, -8
  70              		.cfi_offset 14, -4
  71 0002 84B0     		sub	sp, sp, #16
  72              		.cfi_def_cfa_offset 24
  73 0004 00AF     		add	r7, sp, #0
  74              		.cfi_def_cfa_register 7
  75 0006 F860     		str	r0, [r7, #12]
  76 0008 B960     		str	r1, [r7, #8]
  77 000a 7A60     		str	r2, [r7, #4]
  84:Generated_Source\PSoC4/cyfitter_cfg.c **** 	(void)memcpy(dest, src, n);
  78              		.loc 1 84 0
  79 000c 7A68     		ldr	r2, [r7, #4]
  80 000e B968     		ldr	r1, [r7, #8]
  81 0010 FB68     		ldr	r3, [r7, #12]
  82 0012 1800     		movs	r0, r3
  83 0014 FFF7FEFF 		bl	memcpy
  85:Generated_Source\PSoC4/cyfitter_cfg.c **** }
  84              		.loc 1 85 0
  85 0018 C046     		nop
  86 001a BD46     		mov	sp, r7
ARM GAS  C:\Users\LOCALA~1\AppData\Local\Temp\cclBU2Ch.s 			page 4


  87 001c 04B0     		add	sp, sp, #16
  88              		@ sp needed
  89 001e 80BD     		pop	{r7, pc}
  90              		.cfi_endproc
  91              	.LFE2:
  92              		.size	CYCONFIGCPY, .-CYCONFIGCPY
  93              		.section	.text.CYCONFIGCPYCODE,"ax",%progbits
  94              		.align	2
  95              		.code	16
  96              		.thumb_func
  97              		.type	CYCONFIGCPYCODE, %function
  98              	CYCONFIGCPYCODE:
  99              	.LFB3:
  86:Generated_Source\PSoC4/cyfitter_cfg.c **** CY_CFG_UNUSED
  87:Generated_Source\PSoC4/cyfitter_cfg.c **** static void CYCONFIGCPYCODE(void *dest, const void *src, size_t n);
  88:Generated_Source\PSoC4/cyfitter_cfg.c **** CY_CFG_UNUSED
  89:Generated_Source\PSoC4/cyfitter_cfg.c **** static void CYCONFIGCPYCODE(void *dest, const void *src, size_t n)
  90:Generated_Source\PSoC4/cyfitter_cfg.c **** {
 100              		.loc 1 90 0
 101              		.cfi_startproc
 102              		@ args = 0, pretend = 0, frame = 16
 103              		@ frame_needed = 1, uses_anonymous_args = 0
 104 0000 80B5     		push	{r7, lr}
 105              		.cfi_def_cfa_offset 8
 106              		.cfi_offset 7, -8
 107              		.cfi_offset 14, -4
 108 0002 84B0     		sub	sp, sp, #16
 109              		.cfi_def_cfa_offset 24
 110 0004 00AF     		add	r7, sp, #0
 111              		.cfi_def_cfa_register 7
 112 0006 F860     		str	r0, [r7, #12]
 113 0008 B960     		str	r1, [r7, #8]
 114 000a 7A60     		str	r2, [r7, #4]
  91:Generated_Source\PSoC4/cyfitter_cfg.c **** 	(void)memcpy(dest, src, n);
 115              		.loc 1 91 0
 116 000c 7A68     		ldr	r2, [r7, #4]
 117 000e B968     		ldr	r1, [r7, #8]
 118 0010 FB68     		ldr	r3, [r7, #12]
 119 0012 1800     		movs	r0, r3
 120 0014 FFF7FEFF 		bl	memcpy
  92:Generated_Source\PSoC4/cyfitter_cfg.c **** }
 121              		.loc 1 92 0
 122 0018 C046     		nop
 123 001a BD46     		mov	sp, r7
 124 001c 04B0     		add	sp, sp, #16
 125              		@ sp needed
 126 001e 80BD     		pop	{r7, pc}
 127              		.cfi_endproc
 128              	.LFE3:
 129              		.size	CYCONFIGCPYCODE, .-CYCONFIGCPYCODE
 130              		.section	.text.cfg_write_bytes32,"ax",%progbits
 131              		.align	2
 132              		.code	16
 133              		.thumb_func
 134              		.type	cfg_write_bytes32, %function
 135              	cfg_write_bytes32:
 136              	.LFB4:
ARM GAS  C:\Users\LOCALA~1\AppData\Local\Temp\cclBU2Ch.s 			page 5


  93:Generated_Source\PSoC4/cyfitter_cfg.c **** 
  94:Generated_Source\PSoC4/cyfitter_cfg.c **** 
  95:Generated_Source\PSoC4/cyfitter_cfg.c **** 
  96:Generated_Source\PSoC4/cyfitter_cfg.c **** 
  97:Generated_Source\PSoC4/cyfitter_cfg.c **** /* Clock startup error codes                                                   */
  98:Generated_Source\PSoC4/cyfitter_cfg.c **** #define CYCLOCKSTART_NO_ERROR    0u
  99:Generated_Source\PSoC4/cyfitter_cfg.c **** #define CYCLOCKSTART_XTAL_ERROR  1u
 100:Generated_Source\PSoC4/cyfitter_cfg.c **** #define CYCLOCKSTART_32KHZ_ERROR 2u
 101:Generated_Source\PSoC4/cyfitter_cfg.c **** #define CYCLOCKSTART_PLL_ERROR   3u
 102:Generated_Source\PSoC4/cyfitter_cfg.c **** #define CYCLOCKSTART_FLL_ERROR   4u
 103:Generated_Source\PSoC4/cyfitter_cfg.c **** #define CYCLOCKSTART_WCO_ERROR   5u
 104:Generated_Source\PSoC4/cyfitter_cfg.c **** 
 105:Generated_Source\PSoC4/cyfitter_cfg.c **** 
 106:Generated_Source\PSoC4/cyfitter_cfg.c **** #ifdef CY_NEED_CYCLOCKSTARTUPERROR
 107:Generated_Source\PSoC4/cyfitter_cfg.c **** /*******************************************************************************
 108:Generated_Source\PSoC4/cyfitter_cfg.c **** * Function Name: CyClockStartupError
 109:Generated_Source\PSoC4/cyfitter_cfg.c **** ********************************************************************************
 110:Generated_Source\PSoC4/cyfitter_cfg.c **** * Summary:
 111:Generated_Source\PSoC4/cyfitter_cfg.c **** *  If an error is encountered during clock configuration (crystal startup error,
 112:Generated_Source\PSoC4/cyfitter_cfg.c **** *  PLL lock error, etc.), the system will end up here.  Unless reimplemented by
 113:Generated_Source\PSoC4/cyfitter_cfg.c **** *  the customer, this function will stop in an infinite loop.
 114:Generated_Source\PSoC4/cyfitter_cfg.c **** *
 115:Generated_Source\PSoC4/cyfitter_cfg.c **** * Parameters:
 116:Generated_Source\PSoC4/cyfitter_cfg.c **** *   void
 117:Generated_Source\PSoC4/cyfitter_cfg.c **** *
 118:Generated_Source\PSoC4/cyfitter_cfg.c **** * Return:
 119:Generated_Source\PSoC4/cyfitter_cfg.c **** *   void
 120:Generated_Source\PSoC4/cyfitter_cfg.c **** *
 121:Generated_Source\PSoC4/cyfitter_cfg.c **** *******************************************************************************/
 122:Generated_Source\PSoC4/cyfitter_cfg.c **** CY_CFG_UNUSED
 123:Generated_Source\PSoC4/cyfitter_cfg.c **** static void CyClockStartupError(uint8 errorCode);
 124:Generated_Source\PSoC4/cyfitter_cfg.c **** CY_CFG_UNUSED
 125:Generated_Source\PSoC4/cyfitter_cfg.c **** static void CyClockStartupError(uint8 errorCode)
 126:Generated_Source\PSoC4/cyfitter_cfg.c **** {
 127:Generated_Source\PSoC4/cyfitter_cfg.c ****     /* To remove the compiler warning if errorCode not used.                */
 128:Generated_Source\PSoC4/cyfitter_cfg.c ****     errorCode = errorCode;
 129:Generated_Source\PSoC4/cyfitter_cfg.c **** 
 130:Generated_Source\PSoC4/cyfitter_cfg.c ****     /* If we have a clock startup error (bad MHz crystal, PLL lock, etc.),  */
 131:Generated_Source\PSoC4/cyfitter_cfg.c ****     /* we will end up here to allow the customer to implement something to  */
 132:Generated_Source\PSoC4/cyfitter_cfg.c ****     /* deal with the clock condition.                                       */
 133:Generated_Source\PSoC4/cyfitter_cfg.c **** 
 134:Generated_Source\PSoC4/cyfitter_cfg.c **** #ifdef CY_CFG_CLOCK_STARTUP_ERROR_CALLBACK
 135:Generated_Source\PSoC4/cyfitter_cfg.c ****     CY_CFG_Clock_Startup_ErrorCallback();
 136:Generated_Source\PSoC4/cyfitter_cfg.c **** #else
 137:Generated_Source\PSoC4/cyfitter_cfg.c ****     /*  If not using CY_CFG_CLOCK_STARTUP_ERROR_CALLBACK, place your clock startup code here. */
 138:Generated_Source\PSoC4/cyfitter_cfg.c ****     /* `#START CyClockStartupError` */
 139:Generated_Source\PSoC4/cyfitter_cfg.c **** 
 140:Generated_Source\PSoC4/cyfitter_cfg.c **** 
 141:Generated_Source\PSoC4/cyfitter_cfg.c **** 
 142:Generated_Source\PSoC4/cyfitter_cfg.c ****     /* `#END` */
 143:Generated_Source\PSoC4/cyfitter_cfg.c **** 
 144:Generated_Source\PSoC4/cyfitter_cfg.c ****     while(1) {}
 145:Generated_Source\PSoC4/cyfitter_cfg.c **** #endif /* CY_CFG_CLOCK_STARTUP_ERROR_CALLBACK */
 146:Generated_Source\PSoC4/cyfitter_cfg.c **** }
 147:Generated_Source\PSoC4/cyfitter_cfg.c **** #endif
 148:Generated_Source\PSoC4/cyfitter_cfg.c **** 
 149:Generated_Source\PSoC4/cyfitter_cfg.c **** #define CY_CFG_BASE_ADDR_COUNT 1u
ARM GAS  C:\Users\LOCALA~1\AppData\Local\Temp\cclBU2Ch.s 			page 6


 150:Generated_Source\PSoC4/cyfitter_cfg.c **** CYPACKED typedef struct
 151:Generated_Source\PSoC4/cyfitter_cfg.c **** {
 152:Generated_Source\PSoC4/cyfitter_cfg.c **** 	uint8 offset;
 153:Generated_Source\PSoC4/cyfitter_cfg.c **** 	uint8 value;
 154:Generated_Source\PSoC4/cyfitter_cfg.c **** } CYPACKED_ATTR cy_cfg_addrvalue_t;
 155:Generated_Source\PSoC4/cyfitter_cfg.c **** 
 156:Generated_Source\PSoC4/cyfitter_cfg.c **** 
 157:Generated_Source\PSoC4/cyfitter_cfg.c **** 
 158:Generated_Source\PSoC4/cyfitter_cfg.c **** /*******************************************************************************
 159:Generated_Source\PSoC4/cyfitter_cfg.c **** * Function Name: cfg_write_bytes32
 160:Generated_Source\PSoC4/cyfitter_cfg.c **** ********************************************************************************
 161:Generated_Source\PSoC4/cyfitter_cfg.c **** * Summary:
 162:Generated_Source\PSoC4/cyfitter_cfg.c **** *  This function is used for setting up the chip configuration areas that
 163:Generated_Source\PSoC4/cyfitter_cfg.c **** *  contain relatively sparse data.
 164:Generated_Source\PSoC4/cyfitter_cfg.c **** *
 165:Generated_Source\PSoC4/cyfitter_cfg.c **** * Parameters:
 166:Generated_Source\PSoC4/cyfitter_cfg.c **** *   void
 167:Generated_Source\PSoC4/cyfitter_cfg.c **** *
 168:Generated_Source\PSoC4/cyfitter_cfg.c **** * Return:
 169:Generated_Source\PSoC4/cyfitter_cfg.c **** *   void
 170:Generated_Source\PSoC4/cyfitter_cfg.c **** *
 171:Generated_Source\PSoC4/cyfitter_cfg.c **** *******************************************************************************/
 172:Generated_Source\PSoC4/cyfitter_cfg.c **** static void cfg_write_bytes32(const uint32 addr_table[], const cy_cfg_addrvalue_t data_table[]);
 173:Generated_Source\PSoC4/cyfitter_cfg.c **** static void cfg_write_bytes32(const uint32 addr_table[], const cy_cfg_addrvalue_t data_table[])
 174:Generated_Source\PSoC4/cyfitter_cfg.c **** {
 137              		.loc 1 174 0
 138              		.cfi_startproc
 139              		@ args = 0, pretend = 0, frame = 24
 140              		@ frame_needed = 1, uses_anonymous_args = 0
 141 0000 80B5     		push	{r7, lr}
 142              		.cfi_def_cfa_offset 8
 143              		.cfi_offset 7, -8
 144              		.cfi_offset 14, -4
 145 0002 86B0     		sub	sp, sp, #24
 146              		.cfi_def_cfa_offset 32
 147 0004 00AF     		add	r7, sp, #0
 148              		.cfi_def_cfa_register 7
 149 0006 7860     		str	r0, [r7, #4]
 150 0008 3960     		str	r1, [r7]
 175:Generated_Source\PSoC4/cyfitter_cfg.c **** 	/* For 32-bit little-endian architectures */
 176:Generated_Source\PSoC4/cyfitter_cfg.c **** 	uint32 i, j = 0u;
 151              		.loc 1 176 0
 152 000a 0023     		movs	r3, #0
 153 000c 3B61     		str	r3, [r7, #16]
 177:Generated_Source\PSoC4/cyfitter_cfg.c **** 	for (i = 0u; i < CY_CFG_BASE_ADDR_COUNT; i++)
 154              		.loc 1 177 0
 155 000e 0023     		movs	r3, #0
 156 0010 7B61     		str	r3, [r7, #20]
 157 0012 2FE0     		b	.L5
 158              	.L8:
 159              	.LBB2:
 178:Generated_Source\PSoC4/cyfitter_cfg.c **** 	{
 179:Generated_Source\PSoC4/cyfitter_cfg.c **** 		uint32 baseAddr = addr_table[i];
 160              		.loc 1 179 0
 161 0014 7B69     		ldr	r3, [r7, #20]
 162 0016 9B00     		lsls	r3, r3, #2
 163 0018 7A68     		ldr	r2, [r7, #4]
ARM GAS  C:\Users\LOCALA~1\AppData\Local\Temp\cclBU2Ch.s 			page 7


 164 001a D318     		adds	r3, r2, r3
 165 001c 1B68     		ldr	r3, [r3]
 166 001e BB60     		str	r3, [r7, #8]
 180:Generated_Source\PSoC4/cyfitter_cfg.c **** 		uint8 count = (uint8)baseAddr;
 167              		.loc 1 180 0
 168 0020 0F23     		movs	r3, #15
 169 0022 FB18     		adds	r3, r7, r3
 170 0024 BA68     		ldr	r2, [r7, #8]
 171 0026 1A70     		strb	r2, [r3]
 181:Generated_Source\PSoC4/cyfitter_cfg.c **** 		baseAddr &= 0xFFFFFF00u;
 172              		.loc 1 181 0
 173 0028 BB68     		ldr	r3, [r7, #8]
 174 002a FF22     		movs	r2, #255
 175 002c 9343     		bics	r3, r2
 176 002e BB60     		str	r3, [r7, #8]
 182:Generated_Source\PSoC4/cyfitter_cfg.c **** 		while (count != 0u)
 177              		.loc 1 182 0
 178 0030 18E0     		b	.L6
 179              	.L7:
 183:Generated_Source\PSoC4/cyfitter_cfg.c **** 		{
 184:Generated_Source\PSoC4/cyfitter_cfg.c **** 			CY_SET_REG8((void *)(baseAddr + data_table[j].offset), data_table[j].value);
 180              		.loc 1 184 0
 181 0032 3B69     		ldr	r3, [r7, #16]
 182 0034 5B00     		lsls	r3, r3, #1
 183 0036 3A68     		ldr	r2, [r7]
 184 0038 D318     		adds	r3, r2, r3
 185 003a 1B78     		ldrb	r3, [r3]
 186 003c 1A00     		movs	r2, r3
 187 003e BB68     		ldr	r3, [r7, #8]
 188 0040 D318     		adds	r3, r2, r3
 189 0042 1900     		movs	r1, r3
 190 0044 3B69     		ldr	r3, [r7, #16]
 191 0046 5B00     		lsls	r3, r3, #1
 192 0048 3A68     		ldr	r2, [r7]
 193 004a D318     		adds	r3, r2, r3
 194 004c 5B78     		ldrb	r3, [r3, #1]
 195 004e 0B70     		strb	r3, [r1]
 185:Generated_Source\PSoC4/cyfitter_cfg.c **** 			j++;
 196              		.loc 1 185 0
 197 0050 3B69     		ldr	r3, [r7, #16]
 198 0052 0133     		adds	r3, r3, #1
 199 0054 3B61     		str	r3, [r7, #16]
 186:Generated_Source\PSoC4/cyfitter_cfg.c **** 			count--;
 200              		.loc 1 186 0
 201 0056 0F23     		movs	r3, #15
 202 0058 FB18     		adds	r3, r7, r3
 203 005a 1A78     		ldrb	r2, [r3]
 204 005c 0F23     		movs	r3, #15
 205 005e FB18     		adds	r3, r7, r3
 206 0060 013A     		subs	r2, r2, #1
 207 0062 1A70     		strb	r2, [r3]
 208              	.L6:
 182:Generated_Source\PSoC4/cyfitter_cfg.c **** 		{
 209              		.loc 1 182 0
 210 0064 0F23     		movs	r3, #15
 211 0066 FB18     		adds	r3, r7, r3
 212 0068 1B78     		ldrb	r3, [r3]
ARM GAS  C:\Users\LOCALA~1\AppData\Local\Temp\cclBU2Ch.s 			page 8


 213 006a 002B     		cmp	r3, #0
 214 006c E1D1     		bne	.L7
 215              	.LBE2:
 177:Generated_Source\PSoC4/cyfitter_cfg.c **** 	{
 216              		.loc 1 177 0 discriminator 2
 217 006e 7B69     		ldr	r3, [r7, #20]
 218 0070 0133     		adds	r3, r3, #1
 219 0072 7B61     		str	r3, [r7, #20]
 220              	.L5:
 177:Generated_Source\PSoC4/cyfitter_cfg.c **** 	{
 221              		.loc 1 177 0 is_stmt 0 discriminator 1
 222 0074 7B69     		ldr	r3, [r7, #20]
 223 0076 002B     		cmp	r3, #0
 224 0078 CCD0     		beq	.L8
 187:Generated_Source\PSoC4/cyfitter_cfg.c **** 		}
 188:Generated_Source\PSoC4/cyfitter_cfg.c **** 	}
 189:Generated_Source\PSoC4/cyfitter_cfg.c **** }
 225              		.loc 1 189 0 is_stmt 1
 226 007a C046     		nop
 227 007c BD46     		mov	sp, r7
 228 007e 06B0     		add	sp, sp, #24
 229              		@ sp needed
 230 0080 80BD     		pop	{r7, pc}
 231              		.cfi_endproc
 232              	.LFE4:
 233              		.size	cfg_write_bytes32, .-cfg_write_bytes32
 234 0082 C046     		.section	.psocinit,"ax",%progbits
 235              		.align	2
 236              		.code	16
 237              		.thumb_func
 238              		.type	ClockSetup, %function
 239              	ClockSetup:
 240              	.LFB5:
 190:Generated_Source\PSoC4/cyfitter_cfg.c **** 
 191:Generated_Source\PSoC4/cyfitter_cfg.c **** 
 192:Generated_Source\PSoC4/cyfitter_cfg.c **** /*******************************************************************************
 193:Generated_Source\PSoC4/cyfitter_cfg.c **** * Function Name: ClockSetup
 194:Generated_Source\PSoC4/cyfitter_cfg.c **** ********************************************************************************
 195:Generated_Source\PSoC4/cyfitter_cfg.c **** *
 196:Generated_Source\PSoC4/cyfitter_cfg.c **** * Summary:
 197:Generated_Source\PSoC4/cyfitter_cfg.c **** *   Performs the initialization of all of the clocks in the device based on the
 198:Generated_Source\PSoC4/cyfitter_cfg.c **** *   settings in the Clock tab of the DWR.  This includes enabling the requested
 199:Generated_Source\PSoC4/cyfitter_cfg.c **** *   clocks and setting the necessary dividers to produce the desired frequency. 
 200:Generated_Source\PSoC4/cyfitter_cfg.c **** *
 201:Generated_Source\PSoC4/cyfitter_cfg.c **** * Parameters:
 202:Generated_Source\PSoC4/cyfitter_cfg.c **** *   void
 203:Generated_Source\PSoC4/cyfitter_cfg.c **** *
 204:Generated_Source\PSoC4/cyfitter_cfg.c **** * Return:
 205:Generated_Source\PSoC4/cyfitter_cfg.c **** *   void
 206:Generated_Source\PSoC4/cyfitter_cfg.c **** *
 207:Generated_Source\PSoC4/cyfitter_cfg.c **** *******************************************************************************/
 208:Generated_Source\PSoC4/cyfitter_cfg.c **** static void ClockSetup(void);
 209:Generated_Source\PSoC4/cyfitter_cfg.c **** CY_CFG_SECTION
 210:Generated_Source\PSoC4/cyfitter_cfg.c **** static void ClockSetup(void)
 211:Generated_Source\PSoC4/cyfitter_cfg.c **** {
 241              		.loc 1 211 0
 242              		.cfi_startproc
ARM GAS  C:\Users\LOCALA~1\AppData\Local\Temp\cclBU2Ch.s 			page 9


 243              		@ args = 0, pretend = 0, frame = 0
 244              		@ frame_needed = 1, uses_anonymous_args = 0
 245 0000 80B5     		push	{r7, lr}
 246              		.cfi_def_cfa_offset 8
 247              		.cfi_offset 7, -8
 248              		.cfi_offset 14, -4
 249 0002 00AF     		add	r7, sp, #0
 250              		.cfi_def_cfa_register 7
 212:Generated_Source\PSoC4/cyfitter_cfg.c **** 
 213:Generated_Source\PSoC4/cyfitter_cfg.c **** 	/* Set Flash Cycles based on max possible frequency in case a glitch occurs during ClockSetup(). *
 214:Generated_Source\PSoC4/cyfitter_cfg.c **** 	CY_SET_REG32((void CYXDATA *)(CYREG_CPUSS_FLASH_CTL), (0x0012u));
 251              		.loc 1 214 0
 252 0004 114B     		ldr	r3, .L10
 253 0006 1222     		movs	r2, #18
 254 0008 1A60     		str	r2, [r3]
 215:Generated_Source\PSoC4/cyfitter_cfg.c **** 	/* Setup and trim IMO based on desired frequency. */
 216:Generated_Source\PSoC4/cyfitter_cfg.c **** 	CySysClkWriteImoFreq(24u);
 255              		.loc 1 216 0
 256 000a 1820     		movs	r0, #24
 257 000c FFF7FEFF 		bl	CySysClkWriteImoFreq
 217:Generated_Source\PSoC4/cyfitter_cfg.c **** 	/* CYDEV_CLK_ILO_CONFIG Starting address: CYDEV_CLK_ILO_CONFIG */
 218:Generated_Source\PSoC4/cyfitter_cfg.c **** 	CY_SET_REG32((void *)(CYREG_CLK_ILO_CONFIG), 0x80000006u);
 258              		.loc 1 218 0
 259 0010 0F4B     		ldr	r3, .L10+4
 260 0012 104A     		ldr	r2, .L10+8
 261 0014 1A60     		str	r2, [r3]
 219:Generated_Source\PSoC4/cyfitter_cfg.c **** 
 220:Generated_Source\PSoC4/cyfitter_cfg.c **** 
 221:Generated_Source\PSoC4/cyfitter_cfg.c **** 	/* Setup phase aligned clocks */
 222:Generated_Source\PSoC4/cyfitter_cfg.c **** 	CY_SET_REG32((void *)CYREG_PERI_DIV_16_CTL0, 0x00001000u);
 262              		.loc 1 222 0
 263 0016 104B     		ldr	r3, .L10+12
 264 0018 8022     		movs	r2, #128
 265 001a 5201     		lsls	r2, r2, #5
 266 001c 1A60     		str	r2, [r3]
 223:Generated_Source\PSoC4/cyfitter_cfg.c **** 	CY_SET_REG32((void *)CYREG_PERI_DIV_CMD, 0x8000FF40u);
 267              		.loc 1 223 0
 268 001e 0F4B     		ldr	r3, .L10+16
 269 0020 0F4A     		ldr	r2, .L10+20
 270 0022 1A60     		str	r2, [r3]
 224:Generated_Source\PSoC4/cyfitter_cfg.c **** 
 225:Generated_Source\PSoC4/cyfitter_cfg.c **** 	/* CYDEV_CLK_IMO_CONFIG Starting address: CYDEV_CLK_IMO_CONFIG */
 226:Generated_Source\PSoC4/cyfitter_cfg.c **** 	CY_SET_REG32((void *)(CYREG_CLK_IMO_CONFIG), 0x80000000u);
 271              		.loc 1 226 0
 272 0024 0F4B     		ldr	r3, .L10+24
 273 0026 8022     		movs	r2, #128
 274 0028 1206     		lsls	r2, r2, #24
 275 002a 1A60     		str	r2, [r3]
 227:Generated_Source\PSoC4/cyfitter_cfg.c **** 
 228:Generated_Source\PSoC4/cyfitter_cfg.c **** 	/* CYDEV_CLK_SELECT Starting address: CYDEV_CLK_SELECT */
 229:Generated_Source\PSoC4/cyfitter_cfg.c **** 	CY_SET_REG32((void *)(CYREG_CLK_SELECT), 0x00000000u);
 276              		.loc 1 229 0
 277 002c 0E4B     		ldr	r3, .L10+28
 278 002e 0022     		movs	r2, #0
 279 0030 1A60     		str	r2, [r3]
 230:Generated_Source\PSoC4/cyfitter_cfg.c **** 
 231:Generated_Source\PSoC4/cyfitter_cfg.c **** 	/* CYDEV_PERI_PCLK_CTL5 Starting address: CYDEV_PERI_PCLK_CTL5 */
ARM GAS  C:\Users\LOCALA~1\AppData\Local\Temp\cclBU2Ch.s 			page 10


 232:Generated_Source\PSoC4/cyfitter_cfg.c **** 	CY_SET_REG32((void *)(CYREG_PERI_PCLK_CTL5), 0x00000040u);
 280              		.loc 1 232 0
 281 0032 0E4B     		ldr	r3, .L10+32
 282 0034 4022     		movs	r2, #64
 283 0036 1A60     		str	r2, [r3]
 233:Generated_Source\PSoC4/cyfitter_cfg.c **** 
 234:Generated_Source\PSoC4/cyfitter_cfg.c **** 	CY_SET_REG32((void *)(CYREG_WDT_CONFIG), 0x00000000u);
 284              		.loc 1 234 0
 285 0038 0D4B     		ldr	r3, .L10+36
 286 003a 0022     		movs	r2, #0
 287 003c 1A60     		str	r2, [r3]
 235:Generated_Source\PSoC4/cyfitter_cfg.c **** 	/* Set Flash Cycles based on newly configured 24.00MHz HFCLK. */
 236:Generated_Source\PSoC4/cyfitter_cfg.c **** 	CY_SET_REG32((void CYXDATA *)(CYREG_CPUSS_FLASH_CTL), (0x0011u));
 288              		.loc 1 236 0
 289 003e 034B     		ldr	r3, .L10
 290 0040 1122     		movs	r2, #17
 291 0042 1A60     		str	r2, [r3]
 237:Generated_Source\PSoC4/cyfitter_cfg.c **** }
 292              		.loc 1 237 0
 293 0044 C046     		nop
 294 0046 BD46     		mov	sp, r7
 295              		@ sp needed
 296 0048 80BD     		pop	{r7, pc}
 297              	.L11:
 298 004a C046     		.align	2
 299              	.L10:
 300 004c 30001040 		.word	1074790448
 301 0050 04010B40 		.word	1074462980
 302 0054 06000080 		.word	-2147483642
 303 0058 00030140 		.word	1073808128
 304 005c 00000140 		.word	1073807360
 305 0060 40FF0080 		.word	-2147418304
 306 0064 08010B40 		.word	1074462984
 307 0068 00010B40 		.word	1074462976
 308 006c 14010140 		.word	1073807636
 309 0070 0C020B40 		.word	1074463244
 310              		.cfi_endproc
 311              	.LFE5:
 312              		.size	ClockSetup, .-ClockSetup
 313              		.section	.text.AnalogSetDefault,"ax",%progbits
 314              		.align	2
 315              		.code	16
 316              		.thumb_func
 317              		.type	AnalogSetDefault, %function
 318              	AnalogSetDefault:
 319              	.LFB6:
 238:Generated_Source\PSoC4/cyfitter_cfg.c **** 
 239:Generated_Source\PSoC4/cyfitter_cfg.c **** 
 240:Generated_Source\PSoC4/cyfitter_cfg.c **** /* Analog API Functions */
 241:Generated_Source\PSoC4/cyfitter_cfg.c **** 
 242:Generated_Source\PSoC4/cyfitter_cfg.c **** 
 243:Generated_Source\PSoC4/cyfitter_cfg.c **** /*******************************************************************************
 244:Generated_Source\PSoC4/cyfitter_cfg.c **** * Function Name: AnalogSetDefault
 245:Generated_Source\PSoC4/cyfitter_cfg.c **** ********************************************************************************
 246:Generated_Source\PSoC4/cyfitter_cfg.c **** *
 247:Generated_Source\PSoC4/cyfitter_cfg.c **** * Summary:
 248:Generated_Source\PSoC4/cyfitter_cfg.c **** *  Sets up the analog portions of the chip to default values based on chip
ARM GAS  C:\Users\LOCALA~1\AppData\Local\Temp\cclBU2Ch.s 			page 11


 249:Generated_Source\PSoC4/cyfitter_cfg.c **** *  configuration options from the project.
 250:Generated_Source\PSoC4/cyfitter_cfg.c **** *
 251:Generated_Source\PSoC4/cyfitter_cfg.c **** * Parameters:
 252:Generated_Source\PSoC4/cyfitter_cfg.c **** *  void
 253:Generated_Source\PSoC4/cyfitter_cfg.c **** *
 254:Generated_Source\PSoC4/cyfitter_cfg.c **** * Return:
 255:Generated_Source\PSoC4/cyfitter_cfg.c **** *  void
 256:Generated_Source\PSoC4/cyfitter_cfg.c **** *
 257:Generated_Source\PSoC4/cyfitter_cfg.c **** *******************************************************************************/
 258:Generated_Source\PSoC4/cyfitter_cfg.c **** static void AnalogSetDefault(void);
 259:Generated_Source\PSoC4/cyfitter_cfg.c **** static void AnalogSetDefault(void)
 260:Generated_Source\PSoC4/cyfitter_cfg.c **** {
 320              		.loc 1 260 0
 321              		.cfi_startproc
 322              		@ args = 0, pretend = 0, frame = 0
 323              		@ frame_needed = 1, uses_anonymous_args = 0
 324 0000 80B5     		push	{r7, lr}
 325              		.cfi_def_cfa_offset 8
 326              		.cfi_offset 7, -8
 327              		.cfi_offset 14, -4
 328 0002 00AF     		add	r7, sp, #0
 329              		.cfi_def_cfa_register 7
 261:Generated_Source\PSoC4/cyfitter_cfg.c **** 	CY_SET_XTND_REG32((void CYFAR *)CYREG_CTBM0_DFT_CTRL, 0x00000003u);
 330              		.loc 1 261 0
 331 0004 054B     		ldr	r3, .L13
 332 0006 0322     		movs	r2, #3
 333 0008 1A60     		str	r2, [r3]
 262:Generated_Source\PSoC4/cyfitter_cfg.c **** 	CY_SET_XTND_REG32((void CYFAR *)CYREG_CTBM1_DFT_CTRL, 0x00000003u);
 334              		.loc 1 262 0
 335 000a 054B     		ldr	r3, .L13+4
 336 000c 0322     		movs	r2, #3
 337 000e 1A60     		str	r2, [r3]
 263:Generated_Source\PSoC4/cyfitter_cfg.c **** 	CY_SET_XTND_REG32((void CYFAR *)CYREG_PASS_DSAB_DSAB_CTRL, 0x00000000u);
 338              		.loc 1 263 0
 339 0010 044B     		ldr	r3, .L13+8
 340 0012 0022     		movs	r2, #0
 341 0014 1A60     		str	r2, [r3]
 264:Generated_Source\PSoC4/cyfitter_cfg.c **** }
 342              		.loc 1 264 0
 343 0016 C046     		nop
 344 0018 BD46     		mov	sp, r7
 345              		@ sp needed
 346 001a 80BD     		pop	{r7, pc}
 347              	.L14:
 348              		.align	2
 349              	.L13:
 350 001c 30003040 		.word	1076887600
 351 0020 30003140 		.word	1076953136
 352 0024 000E3F40 		.word	1077874176
 353              		.cfi_endproc
 354              	.LFE6:
 355              		.size	AnalogSetDefault, .-AnalogSetDefault
 356              		.section	.psocinit
 357              		.align	2
 358              		.global	cyfitter_cfg
 359              		.code	16
 360              		.thumb_func
ARM GAS  C:\Users\LOCALA~1\AppData\Local\Temp\cclBU2Ch.s 			page 12


 361              		.type	cyfitter_cfg, %function
 362              	cyfitter_cfg:
 363              	.LFB7:
 265:Generated_Source\PSoC4/cyfitter_cfg.c **** 
 266:Generated_Source\PSoC4/cyfitter_cfg.c **** 
 267:Generated_Source\PSoC4/cyfitter_cfg.c **** 
 268:Generated_Source\PSoC4/cyfitter_cfg.c **** 
 269:Generated_Source\PSoC4/cyfitter_cfg.c **** /*******************************************************************************
 270:Generated_Source\PSoC4/cyfitter_cfg.c **** * Function Name: cyfitter_cfg
 271:Generated_Source\PSoC4/cyfitter_cfg.c **** ********************************************************************************
 272:Generated_Source\PSoC4/cyfitter_cfg.c **** * Summary:
 273:Generated_Source\PSoC4/cyfitter_cfg.c **** *  This function is called by the start-up code for the selected device. It
 274:Generated_Source\PSoC4/cyfitter_cfg.c **** *  performs all of the necessary device configuration based on the design
 275:Generated_Source\PSoC4/cyfitter_cfg.c **** *  settings.  This includes settings from the Design Wide Resources (DWR) such
 276:Generated_Source\PSoC4/cyfitter_cfg.c **** *  as Clocks and Pins as well as any component configuration that is necessary.
 277:Generated_Source\PSoC4/cyfitter_cfg.c **** *
 278:Generated_Source\PSoC4/cyfitter_cfg.c **** * Parameters:
 279:Generated_Source\PSoC4/cyfitter_cfg.c **** *   void
 280:Generated_Source\PSoC4/cyfitter_cfg.c **** *
 281:Generated_Source\PSoC4/cyfitter_cfg.c **** * Return:
 282:Generated_Source\PSoC4/cyfitter_cfg.c **** *   void
 283:Generated_Source\PSoC4/cyfitter_cfg.c **** *
 284:Generated_Source\PSoC4/cyfitter_cfg.c **** *******************************************************************************/
 285:Generated_Source\PSoC4/cyfitter_cfg.c **** CY_CFG_SECTION
 286:Generated_Source\PSoC4/cyfitter_cfg.c **** void cyfitter_cfg(void)
 287:Generated_Source\PSoC4/cyfitter_cfg.c **** {
 364              		.loc 1 287 0
 365              		.cfi_startproc
 366              		@ args = 0, pretend = 0, frame = 8
 367              		@ frame_needed = 1, uses_anonymous_args = 0
 368 0074 80B5     		push	{r7, lr}
 369              		.cfi_def_cfa_offset 8
 370              		.cfi_offset 7, -8
 371              		.cfi_offset 14, -4
 372 0076 82B0     		sub	sp, sp, #8
 373              		.cfi_def_cfa_offset 16
 374 0078 00AF     		add	r7, sp, #0
 375              		.cfi_def_cfa_register 7
 288:Generated_Source\PSoC4/cyfitter_cfg.c **** 	/* Disable interrupts by default. Let user enable if/when they want. */
 289:Generated_Source\PSoC4/cyfitter_cfg.c **** 	CyGlobalIntDisable;
 376              		.loc 1 289 0
 377              		.syntax divided
 378              	@ 289 "Generated_Source\PSoC4\cyfitter_cfg.c" 1
 379 007a 72B6     		CPSID   i
 380              	@ 0 "" 2
 290:Generated_Source\PSoC4/cyfitter_cfg.c **** 
 291:Generated_Source\PSoC4/cyfitter_cfg.c **** 	/* Enable the clock in the interrupt controller for the routed interrupts */
 292:Generated_Source\PSoC4/cyfitter_cfg.c **** 	CY_SET_REG8((void *)CYREG_UDB_UDBIF_INT_CLK_CTL, 0x01u);
 381              		.loc 1 292 0
 382              		.thumb
 383              		.syntax unified
 384 007c 504B     		ldr	r3, .L18
 385 007e 0122     		movs	r2, #1
 386 0080 1A70     		strb	r2, [r3]
 387              	.LBB3:
 293:Generated_Source\PSoC4/cyfitter_cfg.c **** 	{
 294:Generated_Source\PSoC4/cyfitter_cfg.c **** 		static const uint32 CYCODE cy_cfg_addr_table[] = {
ARM GAS  C:\Users\LOCALA~1\AppData\Local\Temp\cclBU2Ch.s 			page 13


 295:Generated_Source\PSoC4/cyfitter_cfg.c **** 			0x400F400Eu, /* Base address: 0x400F4000 Count: 14 */
 296:Generated_Source\PSoC4/cyfitter_cfg.c **** 		};
 297:Generated_Source\PSoC4/cyfitter_cfg.c **** 
 298:Generated_Source\PSoC4/cyfitter_cfg.c **** 		static const cy_cfg_addrvalue_t CYCODE cy_cfg_data_table[] = {
 299:Generated_Source\PSoC4/cyfitter_cfg.c **** 			{0x13u, 0x82u},
 300:Generated_Source\PSoC4/cyfitter_cfg.c **** 			{0x17u, 0x14u},
 301:Generated_Source\PSoC4/cyfitter_cfg.c **** 			{0x1Bu, 0x02u},
 302:Generated_Source\PSoC4/cyfitter_cfg.c **** 			{0x1Eu, 0x04u},
 303:Generated_Source\PSoC4/cyfitter_cfg.c **** 			{0x6Bu, 0x02u},
 304:Generated_Source\PSoC4/cyfitter_cfg.c **** 			{0x6Fu, 0x10u},
 305:Generated_Source\PSoC4/cyfitter_cfg.c **** 			{0x72u, 0x04u},
 306:Generated_Source\PSoC4/cyfitter_cfg.c **** 			{0x77u, 0x84u},
 307:Generated_Source\PSoC4/cyfitter_cfg.c **** 			{0x7Bu, 0x02u},
 308:Generated_Source\PSoC4/cyfitter_cfg.c **** 			{0xC4u, 0xF0u},
 309:Generated_Source\PSoC4/cyfitter_cfg.c **** 			{0xC6u, 0x90u},
 310:Generated_Source\PSoC4/cyfitter_cfg.c **** 			{0xDAu, 0xC0u},
 311:Generated_Source\PSoC4/cyfitter_cfg.c **** 			{0xDCu, 0xE0u},
 312:Generated_Source\PSoC4/cyfitter_cfg.c **** 			{0xDEu, 0x20u},
 313:Generated_Source\PSoC4/cyfitter_cfg.c **** 		};
 314:Generated_Source\PSoC4/cyfitter_cfg.c **** 
 315:Generated_Source\PSoC4/cyfitter_cfg.c **** 
 316:Generated_Source\PSoC4/cyfitter_cfg.c **** 
 317:Generated_Source\PSoC4/cyfitter_cfg.c **** 		CYPACKED typedef struct {
 318:Generated_Source\PSoC4/cyfitter_cfg.c **** 			void CYFAR *address;
 319:Generated_Source\PSoC4/cyfitter_cfg.c **** 			uint16 size;
 320:Generated_Source\PSoC4/cyfitter_cfg.c **** 		} CYPACKED_ATTR cfg_memset_t;
 321:Generated_Source\PSoC4/cyfitter_cfg.c **** 
 322:Generated_Source\PSoC4/cyfitter_cfg.c **** 		static const cfg_memset_t CYCODE cfg_memset_list[] = {
 323:Generated_Source\PSoC4/cyfitter_cfg.c **** 			/* address, size */
 324:Generated_Source\PSoC4/cyfitter_cfg.c **** 			{(void CYFAR *)(CYDEV_UDB_P0_U0_BASE), 1024u},
 325:Generated_Source\PSoC4/cyfitter_cfg.c **** 			{(void CYFAR *)(CYDEV_UDB_DSI0_BASE), 1024u},
 326:Generated_Source\PSoC4/cyfitter_cfg.c **** 		};
 327:Generated_Source\PSoC4/cyfitter_cfg.c **** 
 328:Generated_Source\PSoC4/cyfitter_cfg.c **** 		uint8 CYDATA i;
 329:Generated_Source\PSoC4/cyfitter_cfg.c **** 
 330:Generated_Source\PSoC4/cyfitter_cfg.c **** 		/* Zero out critical memory blocks before beginning configuration */
 331:Generated_Source\PSoC4/cyfitter_cfg.c **** 		for (i = 0u; i < (sizeof(cfg_memset_list)/sizeof(cfg_memset_list[0])); i++)
 388              		.loc 1 331 0
 389 0082 FB1D     		adds	r3, r7, #7
 390 0084 0022     		movs	r2, #0
 391 0086 1A70     		strb	r2, [r3]
 392 0088 22E0     		b	.L16
 393              	.L17:
 394              	.LBB4:
 332:Generated_Source\PSoC4/cyfitter_cfg.c **** 		{
 333:Generated_Source\PSoC4/cyfitter_cfg.c **** 			const cfg_memset_t CYCODE * CYDATA ms = &cfg_memset_list[i];
 395              		.loc 1 333 0 discriminator 3
 396 008a FB1D     		adds	r3, r7, #7
 397 008c 1A78     		ldrb	r2, [r3]
 398 008e 1300     		movs	r3, r2
 399 0090 5B00     		lsls	r3, r3, #1
 400 0092 9B18     		adds	r3, r3, r2
 401 0094 5B00     		lsls	r3, r3, #1
 402 0096 4B4A     		ldr	r2, .L18+4
 403 0098 9B18     		adds	r3, r3, r2
 404 009a 3B60     		str	r3, [r7]
 334:Generated_Source\PSoC4/cyfitter_cfg.c **** 			CYMEMZERO(ms->address, (size_t)(uint32)(ms->size));
ARM GAS  C:\Users\LOCALA~1\AppData\Local\Temp\cclBU2Ch.s 			page 14


 405              		.loc 1 334 0 discriminator 3
 406 009c 3B68     		ldr	r3, [r7]
 407 009e 1A78     		ldrb	r2, [r3]
 408 00a0 5978     		ldrb	r1, [r3, #1]
 409 00a2 0902     		lsls	r1, r1, #8
 410 00a4 0A43     		orrs	r2, r1
 411 00a6 9978     		ldrb	r1, [r3, #2]
 412 00a8 0904     		lsls	r1, r1, #16
 413 00aa 0A43     		orrs	r2, r1
 414 00ac DB78     		ldrb	r3, [r3, #3]
 415 00ae 1B06     		lsls	r3, r3, #24
 416 00b0 1343     		orrs	r3, r2
 417 00b2 1800     		movs	r0, r3
 418 00b4 3B68     		ldr	r3, [r7]
 419 00b6 1A79     		ldrb	r2, [r3, #4]
 420 00b8 5B79     		ldrb	r3, [r3, #5]
 421 00ba 1B02     		lsls	r3, r3, #8
 422 00bc 1343     		orrs	r3, r2
 423 00be 9BB2     		uxth	r3, r3
 424 00c0 1900     		movs	r1, r3
 425 00c2 FFF7FEFF 		bl	CYMEMZERO
 426              	.LBE4:
 331:Generated_Source\PSoC4/cyfitter_cfg.c **** 		{
 427              		.loc 1 331 0 discriminator 3
 428 00c6 FB1D     		adds	r3, r7, #7
 429 00c8 1A78     		ldrb	r2, [r3]
 430 00ca FB1D     		adds	r3, r7, #7
 431 00cc 0132     		adds	r2, r2, #1
 432 00ce 1A70     		strb	r2, [r3]
 433              	.L16:
 331:Generated_Source\PSoC4/cyfitter_cfg.c **** 		{
 434              		.loc 1 331 0 is_stmt 0 discriminator 1
 435 00d0 FB1D     		adds	r3, r7, #7
 436 00d2 1B78     		ldrb	r3, [r3]
 437 00d4 012B     		cmp	r3, #1
 438 00d6 D8D9     		bls	.L17
 335:Generated_Source\PSoC4/cyfitter_cfg.c **** 		}
 336:Generated_Source\PSoC4/cyfitter_cfg.c **** 
 337:Generated_Source\PSoC4/cyfitter_cfg.c **** 		cfg_write_bytes32(cy_cfg_addr_table, cy_cfg_data_table);
 439              		.loc 1 337 0 is_stmt 1
 440 00d8 3B4A     		ldr	r2, .L18+8
 441 00da 3C4B     		ldr	r3, .L18+12
 442 00dc 1100     		movs	r1, r2
 443 00de 1800     		movs	r0, r3
 444 00e0 FFF7FEFF 		bl	cfg_write_bytes32
 338:Generated_Source\PSoC4/cyfitter_cfg.c **** 
 339:Generated_Source\PSoC4/cyfitter_cfg.c **** 		/* HSIOM Starting address: CYDEV_HSIOM_BASE */
 340:Generated_Source\PSoC4/cyfitter_cfg.c **** 		CY_SET_REG32((void *)(CYREG_HSIOM_PORT_SEL3), 0x0000EE00u);
 445              		.loc 1 340 0
 446 00e4 3A4B     		ldr	r3, .L18+16
 447 00e6 EE22     		movs	r2, #238
 448 00e8 1202     		lsls	r2, r2, #8
 449 00ea 1A60     		str	r2, [r3]
 341:Generated_Source\PSoC4/cyfitter_cfg.c **** 		CY_SET_REG32((void *)(CYREG_HSIOM_PORT_SEL7), 0x00000099u);
 450              		.loc 1 341 0
 451 00ec 394B     		ldr	r3, .L18+20
 452 00ee 9922     		movs	r2, #153
ARM GAS  C:\Users\LOCALA~1\AppData\Local\Temp\cclBU2Ch.s 			page 15


 453 00f0 1A60     		str	r2, [r3]
 342:Generated_Source\PSoC4/cyfitter_cfg.c **** 
 343:Generated_Source\PSoC4/cyfitter_cfg.c **** 		/* UDB_PA_0 Starting address: CYDEV_UDB_PA0_BASE */
 344:Generated_Source\PSoC4/cyfitter_cfg.c **** 		CY_SET_REG32((void *)(CYDEV_UDB_PA0_BASE), 0x00990000u);
 454              		.loc 1 344 0
 455 00f2 394B     		ldr	r3, .L18+24
 456 00f4 9922     		movs	r2, #153
 457 00f6 1204     		lsls	r2, r2, #16
 458 00f8 1A60     		str	r2, [r3]
 345:Generated_Source\PSoC4/cyfitter_cfg.c **** 
 346:Generated_Source\PSoC4/cyfitter_cfg.c **** 		/* UDB_PA_1 Starting address: CYDEV_UDB_PA1_BASE */
 347:Generated_Source\PSoC4/cyfitter_cfg.c **** 		CY_SET_REG32((void *)(CYDEV_UDB_PA1_BASE), 0x00990000u);
 459              		.loc 1 347 0
 460 00fa 384B     		ldr	r3, .L18+28
 461 00fc 9922     		movs	r2, #153
 462 00fe 1204     		lsls	r2, r2, #16
 463 0100 1A60     		str	r2, [r3]
 348:Generated_Source\PSoC4/cyfitter_cfg.c **** 
 349:Generated_Source\PSoC4/cyfitter_cfg.c **** 		/* UDB_PA_2 Starting address: CYDEV_UDB_PA2_BASE */
 350:Generated_Source\PSoC4/cyfitter_cfg.c **** 		CY_SET_REG32((void *)(CYDEV_UDB_PA2_BASE), 0x00990000u);
 464              		.loc 1 350 0
 465 0102 374B     		ldr	r3, .L18+32
 466 0104 9922     		movs	r2, #153
 467 0106 1204     		lsls	r2, r2, #16
 468 0108 1A60     		str	r2, [r3]
 351:Generated_Source\PSoC4/cyfitter_cfg.c **** 
 352:Generated_Source\PSoC4/cyfitter_cfg.c **** 		/* UDB_PA_3 Starting address: CYDEV_UDB_PA3_BASE */
 353:Generated_Source\PSoC4/cyfitter_cfg.c **** 		CY_SET_REG32((void *)(CYDEV_UDB_PA3_BASE), 0x00990000u);
 469              		.loc 1 353 0
 470 010a 364B     		ldr	r3, .L18+36
 471 010c 9922     		movs	r2, #153
 472 010e 1204     		lsls	r2, r2, #16
 473 0110 1A60     		str	r2, [r3]
 354:Generated_Source\PSoC4/cyfitter_cfg.c **** 
 355:Generated_Source\PSoC4/cyfitter_cfg.c **** 		/* INT_SELECT Starting address: CYDEV_CPUSS_INT_SEL */
 356:Generated_Source\PSoC4/cyfitter_cfg.c **** 		CY_SET_REG32((void *)(CYREG_CPUSS_INT_SEL), 0x0000003Fu);
 474              		.loc 1 356 0
 475 0112 354B     		ldr	r3, .L18+40
 476 0114 3F22     		movs	r2, #63
 477 0116 1A60     		str	r2, [r3]
 357:Generated_Source\PSoC4/cyfitter_cfg.c **** 
 358:Generated_Source\PSoC4/cyfitter_cfg.c **** 		/* INT_CONFIG Starting address: CYDEV_UDB_INT_CFG */
 359:Generated_Source\PSoC4/cyfitter_cfg.c **** 		CY_SET_REG32((void *)(CYREG_UDB_INT_CFG), 0x0000003Fu);
 478              		.loc 1 359 0
 479 0118 344B     		ldr	r3, .L18+44
 480 011a 3F22     		movs	r2, #63
 481 011c 1A60     		str	r2, [r3]
 360:Generated_Source\PSoC4/cyfitter_cfg.c **** 
 361:Generated_Source\PSoC4/cyfitter_cfg.c **** 		/* Enable digital routing */
 362:Generated_Source\PSoC4/cyfitter_cfg.c **** 		CY_SET_XTND_REG8((void *)CYREG_UDB_UDBIF_BANK_CTL, (uint8)(CY_GET_XTND_REG8((void *)CYREG_UDB_UDB
 482              		.loc 1 362 0
 483 011e 344A     		ldr	r2, .L18+48
 484 0120 334B     		ldr	r3, .L18+48
 485 0122 1B78     		ldrb	r3, [r3]
 486 0124 DBB2     		uxtb	r3, r3
 487 0126 0621     		movs	r1, #6
 488 0128 0B43     		orrs	r3, r1
ARM GAS  C:\Users\LOCALA~1\AppData\Local\Temp\cclBU2Ch.s 			page 16


 489 012a DBB2     		uxtb	r3, r3
 490 012c 1370     		strb	r3, [r2]
 491              	.LBE3:
 363:Generated_Source\PSoC4/cyfitter_cfg.c **** 	}
 364:Generated_Source\PSoC4/cyfitter_cfg.c **** 
 365:Generated_Source\PSoC4/cyfitter_cfg.c **** 	/* Perform second pass device configuration. These items must be configured in specific order afte
 366:Generated_Source\PSoC4/cyfitter_cfg.c **** 	/* IOPINS0_0 Starting address: CYDEV_GPIO_PRT0_BASE */
 367:Generated_Source\PSoC4/cyfitter_cfg.c **** 	CY_SET_REG32((void *)(CYDEV_GPIO_PRT0_BASE), 0x00000001u);
 492              		.loc 1 367 0
 493 012e 314B     		ldr	r3, .L18+52
 494 0130 0122     		movs	r2, #1
 495 0132 1A60     		str	r2, [r3]
 368:Generated_Source\PSoC4/cyfitter_cfg.c **** 	CY_SET_REG32((void *)(CYREG_GPIO_PRT0_PC), 0x001B6C01u);
 496              		.loc 1 368 0
 497 0134 304B     		ldr	r3, .L18+56
 498 0136 314A     		ldr	r2, .L18+60
 499 0138 1A60     		str	r2, [r3]
 369:Generated_Source\PSoC4/cyfitter_cfg.c **** 	CY_SET_REG32((void *)(CYREG_GPIO_PRT0_INTR_CFG), 0x00000002u);
 500              		.loc 1 369 0
 501 013a 314B     		ldr	r3, .L18+64
 502 013c 0222     		movs	r2, #2
 503 013e 1A60     		str	r2, [r3]
 370:Generated_Source\PSoC4/cyfitter_cfg.c **** 
 371:Generated_Source\PSoC4/cyfitter_cfg.c **** 	/* IOPINS0_1 Starting address: CYDEV_GPIO_PRT1_BASE */
 372:Generated_Source\PSoC4/cyfitter_cfg.c **** 	CY_SET_REG32((void *)(CYDEV_GPIO_PRT1_BASE), 0x00000041u);
 504              		.loc 1 372 0
 505 0140 304B     		ldr	r3, .L18+68
 506 0142 4122     		movs	r2, #65
 507 0144 1A60     		str	r2, [r3]
 373:Generated_Source\PSoC4/cyfitter_cfg.c **** 	CY_SET_REG32((void *)(CYREG_GPIO_PRT1_PC), 0x00180001u);
 508              		.loc 1 373 0
 509 0146 304B     		ldr	r3, .L18+72
 510 0148 304A     		ldr	r2, .L18+76
 511 014a 1A60     		str	r2, [r3]
 374:Generated_Source\PSoC4/cyfitter_cfg.c **** 	CY_SET_REG32((void *)(CYREG_GPIO_PRT1_INTR_CFG), 0x00000002u);
 512              		.loc 1 374 0
 513 014c 304B     		ldr	r3, .L18+80
 514 014e 0222     		movs	r2, #2
 515 0150 1A60     		str	r2, [r3]
 375:Generated_Source\PSoC4/cyfitter_cfg.c **** 
 376:Generated_Source\PSoC4/cyfitter_cfg.c **** 	/* IOPINS0_2 Starting address: CYDEV_GPIO_PRT2_BASE */
 377:Generated_Source\PSoC4/cyfitter_cfg.c **** 	CY_SET_REG32((void *)(CYDEV_GPIO_PRT2_BASE), 0x00000001u);
 516              		.loc 1 377 0
 517 0152 304B     		ldr	r3, .L18+84
 518 0154 0122     		movs	r2, #1
 519 0156 1A60     		str	r2, [r3]
 378:Generated_Source\PSoC4/cyfitter_cfg.c **** 	CY_SET_REG32((void *)(CYREG_GPIO_PRT2_PC), 0x000001B1u);
 520              		.loc 1 378 0
 521 0158 2F4B     		ldr	r3, .L18+88
 522 015a B222     		movs	r2, #178
 523 015c FF32     		adds	r2, r2, #255
 524 015e 1A60     		str	r2, [r3]
 379:Generated_Source\PSoC4/cyfitter_cfg.c **** 	CY_SET_REG32((void *)(CYREG_GPIO_PRT2_INTR_CFG), 0x00000002u);
 525              		.loc 1 379 0
 526 0160 2E4B     		ldr	r3, .L18+92
 527 0162 0222     		movs	r2, #2
 528 0164 1A60     		str	r2, [r3]
ARM GAS  C:\Users\LOCALA~1\AppData\Local\Temp\cclBU2Ch.s 			page 17


 380:Generated_Source\PSoC4/cyfitter_cfg.c **** 
 381:Generated_Source\PSoC4/cyfitter_cfg.c **** 	/* IOPINS0_3 Starting address: CYDEV_GPIO_PRT3_BASE */
 382:Generated_Source\PSoC4/cyfitter_cfg.c **** 	CY_SET_REG32((void *)(CYDEV_GPIO_PRT3_BASE), 0x00000001u);
 529              		.loc 1 382 0
 530 0166 2E4B     		ldr	r3, .L18+96
 531 0168 0122     		movs	r2, #1
 532 016a 1A60     		str	r2, [r3]
 383:Generated_Source\PSoC4/cyfitter_cfg.c **** 	CY_SET_REG32((void *)(CYREG_GPIO_PRT3_PC), 0x00000D81u);
 533              		.loc 1 383 0
 534 016c 2D4B     		ldr	r3, .L18+100
 535 016e 2E4A     		ldr	r2, .L18+104
 536 0170 1A60     		str	r2, [r3]
 384:Generated_Source\PSoC4/cyfitter_cfg.c **** 	CY_SET_REG32((void *)(CYREG_GPIO_PRT3_INTR_CFG), 0x00000002u);
 537              		.loc 1 384 0
 538 0172 2E4B     		ldr	r3, .L18+108
 539 0174 0222     		movs	r2, #2
 540 0176 1A60     		str	r2, [r3]
 385:Generated_Source\PSoC4/cyfitter_cfg.c **** 
 386:Generated_Source\PSoC4/cyfitter_cfg.c **** 	/* IOPINS0_4 Starting address: CYDEV_GPIO_PRT4_BASE */
 387:Generated_Source\PSoC4/cyfitter_cfg.c **** 	CY_SET_REG32((void *)(CYDEV_GPIO_PRT4_BASE), 0x00000001u);
 541              		.loc 1 387 0
 542 0178 2D4B     		ldr	r3, .L18+112
 543 017a 0122     		movs	r2, #1
 544 017c 1A60     		str	r2, [r3]
 388:Generated_Source\PSoC4/cyfitter_cfg.c **** 	CY_SET_REG32((void *)(CYREG_GPIO_PRT4_PC), 0x00000001u);
 545              		.loc 1 388 0
 546 017e 2D4B     		ldr	r3, .L18+116
 547 0180 0122     		movs	r2, #1
 548 0182 1A60     		str	r2, [r3]
 389:Generated_Source\PSoC4/cyfitter_cfg.c **** 	CY_SET_REG32((void *)(CYREG_GPIO_PRT4_INTR_CFG), 0x00000002u);
 549              		.loc 1 389 0
 550 0184 2C4B     		ldr	r3, .L18+120
 551 0186 0222     		movs	r2, #2
 552 0188 1A60     		str	r2, [r3]
 390:Generated_Source\PSoC4/cyfitter_cfg.c **** 
 391:Generated_Source\PSoC4/cyfitter_cfg.c **** 	/* IOPINS0_5 Starting address: CYDEV_GPIO_PRT5_BASE */
 392:Generated_Source\PSoC4/cyfitter_cfg.c **** 	CY_SET_REG32((void *)(CYDEV_GPIO_PRT5_BASE), 0x00000001u);
 553              		.loc 1 392 0
 554 018a 2C4B     		ldr	r3, .L18+124
 555 018c 0122     		movs	r2, #1
 556 018e 1A60     		str	r2, [r3]
 393:Generated_Source\PSoC4/cyfitter_cfg.c **** 	CY_SET_REG32((void *)(CYREG_GPIO_PRT5_PC), 0x00000001u);
 557              		.loc 1 393 0
 558 0190 2B4B     		ldr	r3, .L18+128
 559 0192 0122     		movs	r2, #1
 560 0194 1A60     		str	r2, [r3]
 394:Generated_Source\PSoC4/cyfitter_cfg.c **** 	CY_SET_REG32((void *)(CYREG_GPIO_PRT5_INTR_CFG), 0x00000002u);
 561              		.loc 1 394 0
 562 0196 2B4B     		ldr	r3, .L18+132
 563 0198 0222     		movs	r2, #2
 564 019a 1A60     		str	r2, [r3]
 395:Generated_Source\PSoC4/cyfitter_cfg.c **** 
 396:Generated_Source\PSoC4/cyfitter_cfg.c **** 	/* IOPINS0_7 Starting address: CYDEV_GPIO_PRT7_BASE */
 397:Generated_Source\PSoC4/cyfitter_cfg.c **** 	CY_SET_REG32((void *)(CYDEV_GPIO_PRT7_BASE), 0x00000002u);
 565              		.loc 1 397 0
 566 019c 2A4B     		ldr	r3, .L18+136
 567 019e 0222     		movs	r2, #2
ARM GAS  C:\Users\LOCALA~1\AppData\Local\Temp\cclBU2Ch.s 			page 18


 568 01a0 1A60     		str	r2, [r3]
 398:Generated_Source\PSoC4/cyfitter_cfg.c **** 	CY_SET_REG32((void *)(CYREG_GPIO_PRT7_PC), 0x00000031u);
 569              		.loc 1 398 0
 570 01a2 2A4B     		ldr	r3, .L18+140
 571 01a4 3122     		movs	r2, #49
 572 01a6 1A60     		str	r2, [r3]
 399:Generated_Source\PSoC4/cyfitter_cfg.c **** 	CY_SET_REG32((void *)(CYREG_GPIO_PRT7_PC2), 0x00000002u);
 573              		.loc 1 399 0
 574 01a8 294B     		ldr	r3, .L18+144
 575 01aa 0222     		movs	r2, #2
 576 01ac 1A60     		str	r2, [r3]
 400:Generated_Source\PSoC4/cyfitter_cfg.c **** 
 401:Generated_Source\PSoC4/cyfitter_cfg.c **** 
 402:Generated_Source\PSoC4/cyfitter_cfg.c **** 	/* Setup clocks based on selections from Clock DWR */
 403:Generated_Source\PSoC4/cyfitter_cfg.c **** 	ClockSetup();
 577              		.loc 1 403 0
 578 01ae FFF727FF 		bl	ClockSetup
 404:Generated_Source\PSoC4/cyfitter_cfg.c **** 
 405:Generated_Source\PSoC4/cyfitter_cfg.c **** 	/* Perform basic analog initialization to defaults */
 406:Generated_Source\PSoC4/cyfitter_cfg.c **** 	AnalogSetDefault();
 579              		.loc 1 406 0
 580 01b2 FFF7FEFF 		bl	AnalogSetDefault
 407:Generated_Source\PSoC4/cyfitter_cfg.c **** 
 408:Generated_Source\PSoC4/cyfitter_cfg.c **** }
 581              		.loc 1 408 0
 582 01b6 C046     		nop
 583 01b8 BD46     		mov	sp, r7
 584 01ba 02B0     		add	sp, sp, #8
 585              		@ sp needed
 586 01bc 80BD     		pop	{r7, pc}
 587              	.L19:
 588 01be C046     		.align	2
 589              	.L18:
 590 01c0 1C700F40 		.word	1074753564
 591 01c4 00000000 		.word	cfg_memset_list.4911
 592 01c8 10000000 		.word	cy_cfg_data_table.4906
 593 01cc 0C000000 		.word	cy_cfg_addr_table.4905
 594 01d0 00030240 		.word	1073873664
 595 01d4 00070240 		.word	1073874688
 596 01d8 00500F40 		.word	1074745344
 597 01dc 10500F40 		.word	1074745360
 598 01e0 20500F40 		.word	1074745376
 599 01e4 30500F40 		.word	1074745392
 600 01e8 20001040 		.word	1074790432
 601 01ec 00800F40 		.word	1074757632
 602 01f0 00700F40 		.word	1074753536
 603 01f4 00000440 		.word	1074003968
 604 01f8 08000440 		.word	1074003976
 605 01fc 016C1B00 		.word	1797121
 606 0200 0C000440 		.word	1074003980
 607 0204 00010440 		.word	1074004224
 608 0208 08010440 		.word	1074004232
 609 020c 01001800 		.word	1572865
 610 0210 0C010440 		.word	1074004236
 611 0214 00020440 		.word	1074004480
 612 0218 08020440 		.word	1074004488
 613 021c 0C020440 		.word	1074004492
ARM GAS  C:\Users\LOCALA~1\AppData\Local\Temp\cclBU2Ch.s 			page 19


 614 0220 00030440 		.word	1074004736
 615 0224 08030440 		.word	1074004744
 616 0228 810D0000 		.word	3457
 617 022c 0C030440 		.word	1074004748
 618 0230 00040440 		.word	1074004992
 619 0234 08040440 		.word	1074005000
 620 0238 0C040440 		.word	1074005004
 621 023c 00050440 		.word	1074005248
 622 0240 08050440 		.word	1074005256
 623 0244 0C050440 		.word	1074005260
 624 0248 00070440 		.word	1074005760
 625 024c 08070440 		.word	1074005768
 626 0250 18070440 		.word	1074005784
 627              		.cfi_endproc
 628              	.LFE7:
 629              		.size	cyfitter_cfg, .-cyfitter_cfg
 630              		.section	.rodata
 631              		.align	2
 632              		.type	cfg_memset_list.4911, %object
 633              		.size	cfg_memset_list.4911, 12
 634              	cfg_memset_list.4911:
 635 0000 00300F40 		.word	1074737152
 636 0004 0004     		.short	1024
 637 0006 00400F40 		.4byte	1074741248
 638 000a 0004     		.short	1024
 639              		.align	2
 640              		.type	cy_cfg_addr_table.4905, %object
 641              		.size	cy_cfg_addr_table.4905, 4
 642              	cy_cfg_addr_table.4905:
 643 000c 0E400F40 		.word	1074741262
 644              		.align	2
 645              		.type	cy_cfg_data_table.4906, %object
 646              		.size	cy_cfg_data_table.4906, 28
 647              	cy_cfg_data_table.4906:
 648 0010 13       		.byte	19
 649 0011 82       		.byte	-126
 650 0012 17       		.byte	23
 651 0013 14       		.byte	20
 652 0014 1B       		.byte	27
 653 0015 02       		.byte	2
 654 0016 1E       		.byte	30
 655 0017 04       		.byte	4
 656 0018 6B       		.byte	107
 657 0019 02       		.byte	2
 658 001a 6F       		.byte	111
 659 001b 10       		.byte	16
 660 001c 72       		.byte	114
 661 001d 04       		.byte	4
 662 001e 77       		.byte	119
 663 001f 84       		.byte	-124
 664 0020 7B       		.byte	123
 665 0021 02       		.byte	2
 666 0022 C4       		.byte	-60
 667 0023 F0       		.byte	-16
 668 0024 C6       		.byte	-58
 669 0025 90       		.byte	-112
 670 0026 DA       		.byte	-38
ARM GAS  C:\Users\LOCALA~1\AppData\Local\Temp\cclBU2Ch.s 			page 20


 671 0027 C0       		.byte	-64
 672 0028 DC       		.byte	-36
 673 0029 E0       		.byte	-32
 674 002a DE       		.byte	-34
 675 002b 20       		.byte	32
 676              		.text
 677              	.Letext0:
 678              		.file 2 "c:\\program files (x86)\\cypress\\psoc creator\\4.4\\psoc creator\\import\\gnu\\arm\\5.4.
 679              		.file 3 "Generated_Source\\PSoC4\\cytypes.h"
 680              		.section	.debug_info,"",%progbits
 681              	.Ldebug_info0:
 682 0000 5A030000 		.4byte	0x35a
 683 0004 0400     		.2byte	0x4
 684 0006 00000000 		.4byte	.Ldebug_abbrev0
 685 000a 04       		.byte	0x4
 686 000b 01       		.uleb128 0x1
 687 000c A0000000 		.4byte	.LASF40
 688 0010 0C       		.byte	0xc
 689 0011 6F020000 		.4byte	.LASF41
 690 0015 B2010000 		.4byte	.LASF42
 691 0019 00000000 		.4byte	.Ldebug_ranges0+0
 692 001d 00000000 		.4byte	0
 693 0021 00000000 		.4byte	.Ldebug_line0
 694 0025 02       		.uleb128 0x2
 695 0026 04       		.byte	0x4
 696 0027 05       		.byte	0x5
 697 0028 696E7400 		.ascii	"int\000"
 698 002c 03       		.uleb128 0x3
 699 002d 06000000 		.4byte	.LASF12
 700 0031 02       		.byte	0x2
 701 0032 D8       		.byte	0xd8
 702 0033 37000000 		.4byte	0x37
 703 0037 04       		.uleb128 0x4
 704 0038 04       		.byte	0x4
 705 0039 07       		.byte	0x7
 706 003a 86010000 		.4byte	.LASF0
 707 003e 04       		.uleb128 0x4
 708 003f 08       		.byte	0x8
 709 0040 05       		.byte	0x5
 710 0041 17020000 		.4byte	.LASF1
 711 0045 04       		.uleb128 0x4
 712 0046 08       		.byte	0x8
 713 0047 04       		.byte	0x4
 714 0048 57020000 		.4byte	.LASF2
 715 004c 04       		.uleb128 0x4
 716 004d 01       		.byte	0x1
 717 004e 06       		.byte	0x6
 718 004f 63020000 		.4byte	.LASF3
 719 0053 04       		.uleb128 0x4
 720 0054 01       		.byte	0x1
 721 0055 08       		.byte	0x8
 722 0056 2E010000 		.4byte	.LASF4
 723 005a 04       		.uleb128 0x4
 724 005b 02       		.byte	0x2
 725 005c 05       		.byte	0x5
 726 005d 44020000 		.4byte	.LASF5
 727 0061 04       		.uleb128 0x4
ARM GAS  C:\Users\LOCALA~1\AppData\Local\Temp\cclBU2Ch.s 			page 21


 728 0062 02       		.byte	0x2
 729 0063 07       		.byte	0x7
 730 0064 04020000 		.4byte	.LASF6
 731 0068 04       		.uleb128 0x4
 732 0069 04       		.byte	0x4
 733 006a 05       		.byte	0x5
 734 006b 4E020000 		.4byte	.LASF7
 735 006f 04       		.uleb128 0x4
 736 0070 04       		.byte	0x4
 737 0071 07       		.byte	0x7
 738 0072 7E000000 		.4byte	.LASF8
 739 0076 04       		.uleb128 0x4
 740 0077 08       		.byte	0x8
 741 0078 07       		.byte	0x7
 742 0079 9B010000 		.4byte	.LASF9
 743 007d 04       		.uleb128 0x4
 744 007e 04       		.byte	0x4
 745 007f 07       		.byte	0x7
 746 0080 FB010000 		.4byte	.LASF10
 747 0084 05       		.uleb128 0x5
 748 0085 04       		.byte	0x4
 749 0086 04       		.uleb128 0x4
 750 0087 01       		.byte	0x1
 751 0088 08       		.byte	0x8
 752 0089 25020000 		.4byte	.LASF11
 753 008d 06       		.uleb128 0x6
 754 008e 90000000 		.4byte	.LASF13
 755 0092 03       		.byte	0x3
 756 0093 D201     		.2byte	0x1d2
 757 0095 53000000 		.4byte	0x53
 758 0099 06       		.uleb128 0x6
 759 009a 6D010000 		.4byte	.LASF14
 760 009e 03       		.byte	0x3
 761 009f D301     		.2byte	0x1d3
 762 00a1 61000000 		.4byte	0x61
 763 00a5 06       		.uleb128 0x6
 764 00a6 7F010000 		.4byte	.LASF15
 765 00aa 03       		.byte	0x3
 766 00ab D401     		.2byte	0x1d4
 767 00ad 6F000000 		.4byte	0x6f
 768 00b1 04       		.uleb128 0x4
 769 00b2 04       		.byte	0x4
 770 00b3 04       		.byte	0x4
 771 00b4 59000000 		.4byte	.LASF16
 772 00b8 04       		.uleb128 0x4
 773 00b9 08       		.byte	0x8
 774 00ba 04       		.byte	0x4
 775 00bb 3C010000 		.4byte	.LASF17
 776 00bf 06       		.uleb128 0x6
 777 00c0 79000000 		.4byte	.LASF18
 778 00c4 03       		.byte	0x3
 779 00c5 7C02     		.2byte	0x27c
 780 00c7 CB000000 		.4byte	0xcb
 781 00cb 07       		.uleb128 0x7
 782 00cc 8D000000 		.4byte	0x8d
 783 00d0 06       		.uleb128 0x6
 784 00d1 00000000 		.4byte	.LASF19
ARM GAS  C:\Users\LOCALA~1\AppData\Local\Temp\cclBU2Ch.s 			page 22


 785 00d5 03       		.byte	0x3
 786 00d6 7E02     		.2byte	0x27e
 787 00d8 DC000000 		.4byte	0xdc
 788 00dc 07       		.uleb128 0x7
 789 00dd A5000000 		.4byte	0xa5
 790 00e1 08       		.uleb128 0x8
 791 00e2 02       		.byte	0x2
 792 00e3 01       		.byte	0x1
 793 00e4 96       		.byte	0x96
 794 00e5 02010000 		.4byte	0x102
 795 00e9 09       		.uleb128 0x9
 796 00ea 3D020000 		.4byte	.LASF20
 797 00ee 01       		.byte	0x1
 798 00ef 98       		.byte	0x98
 799 00f0 8D000000 		.4byte	0x8d
 800 00f4 00       		.byte	0
 801 00f5 09       		.uleb128 0x9
 802 00f6 1E000000 		.4byte	.LASF21
 803 00fa 01       		.byte	0x1
 804 00fb 99       		.byte	0x99
 805 00fc 8D000000 		.4byte	0x8d
 806 0100 01       		.byte	0x1
 807 0101 00       		.byte	0
 808 0102 03       		.uleb128 0x3
 809 0103 2A020000 		.4byte	.LASF22
 810 0107 01       		.byte	0x1
 811 0108 9A       		.byte	0x9a
 812 0109 E1000000 		.4byte	0xe1
 813 010d 0A       		.uleb128 0xa
 814 010e 96000000 		.4byte	.LASF23
 815 0112 01       		.byte	0x1
 816 0113 4B       		.byte	0x4b
 817 0114 00000000 		.4byte	.LFB1
 818 0118 1E000000 		.4byte	.LFE1-.LFB1
 819 011c 01       		.uleb128 0x1
 820 011d 9C       		.byte	0x9c
 821 011e 3B010000 		.4byte	0x13b
 822 0122 0B       		.uleb128 0xb
 823 0123 7300     		.ascii	"s\000"
 824 0125 01       		.byte	0x1
 825 0126 4B       		.byte	0x4b
 826 0127 84000000 		.4byte	0x84
 827 012b 02       		.uleb128 0x2
 828 012c 91       		.byte	0x91
 829 012d 74       		.sleb128 -12
 830 012e 0B       		.uleb128 0xb
 831 012f 6E00     		.ascii	"n\000"
 832 0131 01       		.byte	0x1
 833 0132 4B       		.byte	0x4b
 834 0133 2C000000 		.4byte	0x2c
 835 0137 02       		.uleb128 0x2
 836 0138 91       		.byte	0x91
 837 0139 70       		.sleb128 -16
 838 013a 00       		.byte	0
 839 013b 0A       		.uleb128 0xa
 840 013c A5020000 		.4byte	.LASF24
 841 0140 01       		.byte	0x1
ARM GAS  C:\Users\LOCALA~1\AppData\Local\Temp\cclBU2Ch.s 			page 23


 842 0141 52       		.byte	0x52
 843 0142 00000000 		.4byte	.LFB2
 844 0146 20000000 		.4byte	.LFE2-.LFB2
 845 014a 01       		.uleb128 0x1
 846 014b 9C       		.byte	0x9c
 847 014c 79010000 		.4byte	0x179
 848 0150 0C       		.uleb128 0xc
 849 0151 5F000000 		.4byte	.LASF25
 850 0155 01       		.byte	0x1
 851 0156 52       		.byte	0x52
 852 0157 84000000 		.4byte	0x84
 853 015b 02       		.uleb128 0x2
 854 015c 91       		.byte	0x91
 855 015d 74       		.sleb128 -12
 856 015e 0B       		.uleb128 0xb
 857 015f 73726300 		.ascii	"src\000"
 858 0163 01       		.byte	0x1
 859 0164 52       		.byte	0x52
 860 0165 79010000 		.4byte	0x179
 861 0169 02       		.uleb128 0x2
 862 016a 91       		.byte	0x91
 863 016b 70       		.sleb128 -16
 864 016c 0B       		.uleb128 0xb
 865 016d 6E00     		.ascii	"n\000"
 866 016f 01       		.byte	0x1
 867 0170 52       		.byte	0x52
 868 0171 2C000000 		.4byte	0x2c
 869 0175 02       		.uleb128 0x2
 870 0176 91       		.byte	0x91
 871 0177 6C       		.sleb128 -20
 872 0178 00       		.byte	0
 873 0179 0D       		.uleb128 0xd
 874 017a 04       		.byte	0x4
 875 017b 7F010000 		.4byte	0x17f
 876 017f 0E       		.uleb128 0xe
 877 0180 0A       		.uleb128 0xa
 878 0181 95020000 		.4byte	.LASF26
 879 0185 01       		.byte	0x1
 880 0186 59       		.byte	0x59
 881 0187 00000000 		.4byte	.LFB3
 882 018b 20000000 		.4byte	.LFE3-.LFB3
 883 018f 01       		.uleb128 0x1
 884 0190 9C       		.byte	0x9c
 885 0191 BE010000 		.4byte	0x1be
 886 0195 0C       		.uleb128 0xc
 887 0196 5F000000 		.4byte	.LASF25
 888 019a 01       		.byte	0x1
 889 019b 59       		.byte	0x59
 890 019c 84000000 		.4byte	0x84
 891 01a0 02       		.uleb128 0x2
 892 01a1 91       		.byte	0x91
 893 01a2 74       		.sleb128 -12
 894 01a3 0B       		.uleb128 0xb
 895 01a4 73726300 		.ascii	"src\000"
 896 01a8 01       		.byte	0x1
 897 01a9 59       		.byte	0x59
 898 01aa 79010000 		.4byte	0x179
ARM GAS  C:\Users\LOCALA~1\AppData\Local\Temp\cclBU2Ch.s 			page 24


 899 01ae 02       		.uleb128 0x2
 900 01af 91       		.byte	0x91
 901 01b0 70       		.sleb128 -16
 902 01b1 0B       		.uleb128 0xb
 903 01b2 6E00     		.ascii	"n\000"
 904 01b4 01       		.byte	0x1
 905 01b5 59       		.byte	0x59
 906 01b6 2C000000 		.4byte	0x2c
 907 01ba 02       		.uleb128 0x2
 908 01bb 91       		.byte	0x91
 909 01bc 6C       		.sleb128 -20
 910 01bd 00       		.byte	0
 911 01be 0F       		.uleb128 0xf
 912 01bf 43010000 		.4byte	.LASF27
 913 01c3 01       		.byte	0x1
 914 01c4 AD       		.byte	0xad
 915 01c5 00000000 		.4byte	.LFB4
 916 01c9 82000000 		.4byte	.LFE4-.LFB4
 917 01cd 01       		.uleb128 0x1
 918 01ce 9C       		.byte	0x9c
 919 01cf 2E020000 		.4byte	0x22e
 920 01d3 0C       		.uleb128 0xc
 921 01d4 62010000 		.4byte	.LASF28
 922 01d8 01       		.byte	0x1
 923 01d9 AD       		.byte	0xad
 924 01da 2E020000 		.4byte	0x22e
 925 01de 02       		.uleb128 0x2
 926 01df 91       		.byte	0x91
 927 01e0 64       		.sleb128 -28
 928 01e1 0C       		.uleb128 0xc
 929 01e2 74010000 		.4byte	.LASF29
 930 01e6 01       		.byte	0x1
 931 01e7 AD       		.byte	0xad
 932 01e8 39020000 		.4byte	0x239
 933 01ec 02       		.uleb128 0x2
 934 01ed 91       		.byte	0x91
 935 01ee 60       		.sleb128 -32
 936 01ef 10       		.uleb128 0x10
 937 01f0 6900     		.ascii	"i\000"
 938 01f2 01       		.byte	0x1
 939 01f3 B0       		.byte	0xb0
 940 01f4 A5000000 		.4byte	0xa5
 941 01f8 02       		.uleb128 0x2
 942 01f9 91       		.byte	0x91
 943 01fa 74       		.sleb128 -12
 944 01fb 10       		.uleb128 0x10
 945 01fc 6A00     		.ascii	"j\000"
 946 01fe 01       		.byte	0x1
 947 01ff B0       		.byte	0xb0
 948 0200 A5000000 		.4byte	0xa5
 949 0204 02       		.uleb128 0x2
 950 0205 91       		.byte	0x91
 951 0206 70       		.sleb128 -16
 952 0207 11       		.uleb128 0x11
 953 0208 14000000 		.4byte	.LBB2
 954 020c 5A000000 		.4byte	.LBE2-.LBB2
 955 0210 12       		.uleb128 0x12
ARM GAS  C:\Users\LOCALA~1\AppData\Local\Temp\cclBU2Ch.s 			page 25


 956 0211 F2010000 		.4byte	.LASF30
 957 0215 01       		.byte	0x1
 958 0216 B3       		.byte	0xb3
 959 0217 A5000000 		.4byte	0xa5
 960 021b 02       		.uleb128 0x2
 961 021c 91       		.byte	0x91
 962 021d 68       		.sleb128 -24
 963 021e 12       		.uleb128 0x12
 964 021f 24000000 		.4byte	.LASF31
 965 0223 01       		.byte	0x1
 966 0224 B4       		.byte	0xb4
 967 0225 8D000000 		.4byte	0x8d
 968 0229 02       		.uleb128 0x2
 969 022a 91       		.byte	0x91
 970 022b 6F       		.sleb128 -17
 971 022c 00       		.byte	0
 972 022d 00       		.byte	0
 973 022e 0D       		.uleb128 0xd
 974 022f 04       		.byte	0x4
 975 0230 34020000 		.4byte	0x234
 976 0234 13       		.uleb128 0x13
 977 0235 A5000000 		.4byte	0xa5
 978 0239 0D       		.uleb128 0xd
 979 023a 04       		.byte	0x4
 980 023b 3F020000 		.4byte	0x23f
 981 023f 13       		.uleb128 0x13
 982 0240 02010000 		.4byte	0x102
 983 0244 14       		.uleb128 0x14
 984 0245 2A000000 		.4byte	.LASF32
 985 0249 01       		.byte	0x1
 986 024a D2       		.byte	0xd2
 987 024b 00000000 		.4byte	.LFB5
 988 024f 74000000 		.4byte	.LFE5-.LFB5
 989 0253 01       		.uleb128 0x1
 990 0254 9C       		.byte	0x9c
 991 0255 15       		.uleb128 0x15
 992 0256 0D000000 		.4byte	.LASF33
 993 025a 01       		.byte	0x1
 994 025b 0301     		.2byte	0x103
 995 025d 00000000 		.4byte	.LFB6
 996 0261 28000000 		.4byte	.LFE6-.LFB6
 997 0265 01       		.uleb128 0x1
 998 0266 9C       		.byte	0x9c
 999 0267 16       		.uleb128 0x16
 1000 0268 55010000 		.4byte	.LASF43
 1001 026c 01       		.byte	0x1
 1002 026d 1E01     		.2byte	0x11e
 1003 026f 74000000 		.4byte	.LFB7
 1004 0273 E0010000 		.4byte	.LFE7-.LFB7
 1005 0277 01       		.uleb128 0x1
 1006 0278 9C       		.byte	0x9c
 1007 0279 33030000 		.4byte	0x333
 1008 027d 11       		.uleb128 0x11
 1009 027e 82000000 		.4byte	.LBB3
 1010 0282 AC000000 		.4byte	.LBE3-.LBB3
 1011 0286 17       		.uleb128 0x17
 1012 0287 35000000 		.4byte	.LASF34
ARM GAS  C:\Users\LOCALA~1\AppData\Local\Temp\cclBU2Ch.s 			page 26


 1013 028b 01       		.byte	0x1
 1014 028c 2601     		.2byte	0x126
 1015 028e 43030000 		.4byte	0x343
 1016 0292 05       		.uleb128 0x5
 1017 0293 03       		.byte	0x3
 1018 0294 0C000000 		.4byte	cy_cfg_addr_table.4905
 1019 0298 17       		.uleb128 0x17
 1020 0299 47000000 		.4byte	.LASF35
 1021 029d 01       		.byte	0x1
 1022 029e 2A01     		.2byte	0x12a
 1023 02a0 58030000 		.4byte	0x358
 1024 02a4 05       		.uleb128 0x5
 1025 02a5 03       		.byte	0x3
 1026 02a6 10000000 		.4byte	cy_cfg_data_table.4906
 1027 02aa 18       		.uleb128 0x18
 1028 02ab 06       		.byte	0x6
 1029 02ac 01       		.byte	0x1
 1030 02ad 3D01     		.2byte	0x13d
 1031 02af CE020000 		.4byte	0x2ce
 1032 02b3 19       		.uleb128 0x19
 1033 02b4 93010000 		.4byte	.LASF36
 1034 02b8 01       		.byte	0x1
 1035 02b9 3E01     		.2byte	0x13e
 1036 02bb 84000000 		.4byte	0x84
 1037 02bf 00       		.byte	0
 1038 02c0 19       		.uleb128 0x19
 1039 02c1 74000000 		.4byte	.LASF37
 1040 02c5 01       		.byte	0x1
 1041 02c6 3F01     		.2byte	0x13f
 1042 02c8 99000000 		.4byte	0x99
 1043 02cc 04       		.byte	0x4
 1044 02cd 00       		.byte	0
 1045 02ce 06       		.uleb128 0x6
 1046 02cf E5010000 		.4byte	.LASF38
 1047 02d3 01       		.byte	0x1
 1048 02d4 4001     		.2byte	0x140
 1049 02d6 AA020000 		.4byte	0x2aa
 1050 02da 1A       		.uleb128 0x1a
 1051 02db EA020000 		.4byte	0x2ea
 1052 02df EA020000 		.4byte	0x2ea
 1053 02e3 1B       		.uleb128 0x1b
 1054 02e4 7D000000 		.4byte	0x7d
 1055 02e8 01       		.byte	0x1
 1056 02e9 00       		.byte	0
 1057 02ea 13       		.uleb128 0x13
 1058 02eb CE020000 		.4byte	0x2ce
 1059 02ef 17       		.uleb128 0x17
 1060 02f0 64000000 		.4byte	.LASF39
 1061 02f4 01       		.byte	0x1
 1062 02f5 4201     		.2byte	0x142
 1063 02f7 01030000 		.4byte	0x301
 1064 02fb 05       		.uleb128 0x5
 1065 02fc 03       		.byte	0x3
 1066 02fd 00000000 		.4byte	cfg_memset_list.4911
 1067 0301 13       		.uleb128 0x13
 1068 0302 DA020000 		.4byte	0x2da
 1069 0306 1C       		.uleb128 0x1c
ARM GAS  C:\Users\LOCALA~1\AppData\Local\Temp\cclBU2Ch.s 			page 27


 1070 0307 6900     		.ascii	"i\000"
 1071 0309 01       		.byte	0x1
 1072 030a 4801     		.2byte	0x148
 1073 030c 8D000000 		.4byte	0x8d
 1074 0310 02       		.uleb128 0x2
 1075 0311 91       		.byte	0x91
 1076 0312 77       		.sleb128 -9
 1077 0313 11       		.uleb128 0x11
 1078 0314 8A000000 		.4byte	.LBB4
 1079 0318 3C000000 		.4byte	.LBE4-.LBB4
 1080 031c 1C       		.uleb128 0x1c
 1081 031d 6D7300   		.ascii	"ms\000"
 1082 0320 01       		.byte	0x1
 1083 0321 4D01     		.2byte	0x14d
 1084 0323 2A030000 		.4byte	0x32a
 1085 0327 02       		.uleb128 0x2
 1086 0328 91       		.byte	0x91
 1087 0329 70       		.sleb128 -16
 1088 032a 0D       		.uleb128 0xd
 1089 032b 04       		.byte	0x4
 1090 032c EA020000 		.4byte	0x2ea
 1091 0330 00       		.byte	0
 1092 0331 00       		.byte	0
 1093 0332 00       		.byte	0
 1094 0333 1A       		.uleb128 0x1a
 1095 0334 34020000 		.4byte	0x234
 1096 0338 43030000 		.4byte	0x343
 1097 033c 1B       		.uleb128 0x1b
 1098 033d 7D000000 		.4byte	0x7d
 1099 0341 00       		.byte	0
 1100 0342 00       		.byte	0
 1101 0343 13       		.uleb128 0x13
 1102 0344 33030000 		.4byte	0x333
 1103 0348 1A       		.uleb128 0x1a
 1104 0349 3F020000 		.4byte	0x23f
 1105 034d 58030000 		.4byte	0x358
 1106 0351 1B       		.uleb128 0x1b
 1107 0352 7D000000 		.4byte	0x7d
 1108 0356 0D       		.byte	0xd
 1109 0357 00       		.byte	0
 1110 0358 13       		.uleb128 0x13
 1111 0359 48030000 		.4byte	0x348
 1112 035d 00       		.byte	0
 1113              		.section	.debug_abbrev,"",%progbits
 1114              	.Ldebug_abbrev0:
 1115 0000 01       		.uleb128 0x1
 1116 0001 11       		.uleb128 0x11
 1117 0002 01       		.byte	0x1
 1118 0003 25       		.uleb128 0x25
 1119 0004 0E       		.uleb128 0xe
 1120 0005 13       		.uleb128 0x13
 1121 0006 0B       		.uleb128 0xb
 1122 0007 03       		.uleb128 0x3
 1123 0008 0E       		.uleb128 0xe
 1124 0009 1B       		.uleb128 0x1b
 1125 000a 0E       		.uleb128 0xe
 1126 000b 55       		.uleb128 0x55
ARM GAS  C:\Users\LOCALA~1\AppData\Local\Temp\cclBU2Ch.s 			page 28


 1127 000c 17       		.uleb128 0x17
 1128 000d 11       		.uleb128 0x11
 1129 000e 01       		.uleb128 0x1
 1130 000f 10       		.uleb128 0x10
 1131 0010 17       		.uleb128 0x17
 1132 0011 00       		.byte	0
 1133 0012 00       		.byte	0
 1134 0013 02       		.uleb128 0x2
 1135 0014 24       		.uleb128 0x24
 1136 0015 00       		.byte	0
 1137 0016 0B       		.uleb128 0xb
 1138 0017 0B       		.uleb128 0xb
 1139 0018 3E       		.uleb128 0x3e
 1140 0019 0B       		.uleb128 0xb
 1141 001a 03       		.uleb128 0x3
 1142 001b 08       		.uleb128 0x8
 1143 001c 00       		.byte	0
 1144 001d 00       		.byte	0
 1145 001e 03       		.uleb128 0x3
 1146 001f 16       		.uleb128 0x16
 1147 0020 00       		.byte	0
 1148 0021 03       		.uleb128 0x3
 1149 0022 0E       		.uleb128 0xe
 1150 0023 3A       		.uleb128 0x3a
 1151 0024 0B       		.uleb128 0xb
 1152 0025 3B       		.uleb128 0x3b
 1153 0026 0B       		.uleb128 0xb
 1154 0027 49       		.uleb128 0x49
 1155 0028 13       		.uleb128 0x13
 1156 0029 00       		.byte	0
 1157 002a 00       		.byte	0
 1158 002b 04       		.uleb128 0x4
 1159 002c 24       		.uleb128 0x24
 1160 002d 00       		.byte	0
 1161 002e 0B       		.uleb128 0xb
 1162 002f 0B       		.uleb128 0xb
 1163 0030 3E       		.uleb128 0x3e
 1164 0031 0B       		.uleb128 0xb
 1165 0032 03       		.uleb128 0x3
 1166 0033 0E       		.uleb128 0xe
 1167 0034 00       		.byte	0
 1168 0035 00       		.byte	0
 1169 0036 05       		.uleb128 0x5
 1170 0037 0F       		.uleb128 0xf
 1171 0038 00       		.byte	0
 1172 0039 0B       		.uleb128 0xb
 1173 003a 0B       		.uleb128 0xb
 1174 003b 00       		.byte	0
 1175 003c 00       		.byte	0
 1176 003d 06       		.uleb128 0x6
 1177 003e 16       		.uleb128 0x16
 1178 003f 00       		.byte	0
 1179 0040 03       		.uleb128 0x3
 1180 0041 0E       		.uleb128 0xe
 1181 0042 3A       		.uleb128 0x3a
 1182 0043 0B       		.uleb128 0xb
 1183 0044 3B       		.uleb128 0x3b
ARM GAS  C:\Users\LOCALA~1\AppData\Local\Temp\cclBU2Ch.s 			page 29


 1184 0045 05       		.uleb128 0x5
 1185 0046 49       		.uleb128 0x49
 1186 0047 13       		.uleb128 0x13
 1187 0048 00       		.byte	0
 1188 0049 00       		.byte	0
 1189 004a 07       		.uleb128 0x7
 1190 004b 35       		.uleb128 0x35
 1191 004c 00       		.byte	0
 1192 004d 49       		.uleb128 0x49
 1193 004e 13       		.uleb128 0x13
 1194 004f 00       		.byte	0
 1195 0050 00       		.byte	0
 1196 0051 08       		.uleb128 0x8
 1197 0052 13       		.uleb128 0x13
 1198 0053 01       		.byte	0x1
 1199 0054 0B       		.uleb128 0xb
 1200 0055 0B       		.uleb128 0xb
 1201 0056 3A       		.uleb128 0x3a
 1202 0057 0B       		.uleb128 0xb
 1203 0058 3B       		.uleb128 0x3b
 1204 0059 0B       		.uleb128 0xb
 1205 005a 01       		.uleb128 0x1
 1206 005b 13       		.uleb128 0x13
 1207 005c 00       		.byte	0
 1208 005d 00       		.byte	0
 1209 005e 09       		.uleb128 0x9
 1210 005f 0D       		.uleb128 0xd
 1211 0060 00       		.byte	0
 1212 0061 03       		.uleb128 0x3
 1213 0062 0E       		.uleb128 0xe
 1214 0063 3A       		.uleb128 0x3a
 1215 0064 0B       		.uleb128 0xb
 1216 0065 3B       		.uleb128 0x3b
 1217 0066 0B       		.uleb128 0xb
 1218 0067 49       		.uleb128 0x49
 1219 0068 13       		.uleb128 0x13
 1220 0069 38       		.uleb128 0x38
 1221 006a 0B       		.uleb128 0xb
 1222 006b 00       		.byte	0
 1223 006c 00       		.byte	0
 1224 006d 0A       		.uleb128 0xa
 1225 006e 2E       		.uleb128 0x2e
 1226 006f 01       		.byte	0x1
 1227 0070 03       		.uleb128 0x3
 1228 0071 0E       		.uleb128 0xe
 1229 0072 3A       		.uleb128 0x3a
 1230 0073 0B       		.uleb128 0xb
 1231 0074 3B       		.uleb128 0x3b
 1232 0075 0B       		.uleb128 0xb
 1233 0076 27       		.uleb128 0x27
 1234 0077 19       		.uleb128 0x19
 1235 0078 11       		.uleb128 0x11
 1236 0079 01       		.uleb128 0x1
 1237 007a 12       		.uleb128 0x12
 1238 007b 06       		.uleb128 0x6
 1239 007c 40       		.uleb128 0x40
 1240 007d 18       		.uleb128 0x18
ARM GAS  C:\Users\LOCALA~1\AppData\Local\Temp\cclBU2Ch.s 			page 30


 1241 007e 9642     		.uleb128 0x2116
 1242 0080 19       		.uleb128 0x19
 1243 0081 01       		.uleb128 0x1
 1244 0082 13       		.uleb128 0x13
 1245 0083 00       		.byte	0
 1246 0084 00       		.byte	0
 1247 0085 0B       		.uleb128 0xb
 1248 0086 05       		.uleb128 0x5
 1249 0087 00       		.byte	0
 1250 0088 03       		.uleb128 0x3
 1251 0089 08       		.uleb128 0x8
 1252 008a 3A       		.uleb128 0x3a
 1253 008b 0B       		.uleb128 0xb
 1254 008c 3B       		.uleb128 0x3b
 1255 008d 0B       		.uleb128 0xb
 1256 008e 49       		.uleb128 0x49
 1257 008f 13       		.uleb128 0x13
 1258 0090 02       		.uleb128 0x2
 1259 0091 18       		.uleb128 0x18
 1260 0092 00       		.byte	0
 1261 0093 00       		.byte	0
 1262 0094 0C       		.uleb128 0xc
 1263 0095 05       		.uleb128 0x5
 1264 0096 00       		.byte	0
 1265 0097 03       		.uleb128 0x3
 1266 0098 0E       		.uleb128 0xe
 1267 0099 3A       		.uleb128 0x3a
 1268 009a 0B       		.uleb128 0xb
 1269 009b 3B       		.uleb128 0x3b
 1270 009c 0B       		.uleb128 0xb
 1271 009d 49       		.uleb128 0x49
 1272 009e 13       		.uleb128 0x13
 1273 009f 02       		.uleb128 0x2
 1274 00a0 18       		.uleb128 0x18
 1275 00a1 00       		.byte	0
 1276 00a2 00       		.byte	0
 1277 00a3 0D       		.uleb128 0xd
 1278 00a4 0F       		.uleb128 0xf
 1279 00a5 00       		.byte	0
 1280 00a6 0B       		.uleb128 0xb
 1281 00a7 0B       		.uleb128 0xb
 1282 00a8 49       		.uleb128 0x49
 1283 00a9 13       		.uleb128 0x13
 1284 00aa 00       		.byte	0
 1285 00ab 00       		.byte	0
 1286 00ac 0E       		.uleb128 0xe
 1287 00ad 26       		.uleb128 0x26
 1288 00ae 00       		.byte	0
 1289 00af 00       		.byte	0
 1290 00b0 00       		.byte	0
 1291 00b1 0F       		.uleb128 0xf
 1292 00b2 2E       		.uleb128 0x2e
 1293 00b3 01       		.byte	0x1
 1294 00b4 03       		.uleb128 0x3
 1295 00b5 0E       		.uleb128 0xe
 1296 00b6 3A       		.uleb128 0x3a
 1297 00b7 0B       		.uleb128 0xb
ARM GAS  C:\Users\LOCALA~1\AppData\Local\Temp\cclBU2Ch.s 			page 31


 1298 00b8 3B       		.uleb128 0x3b
 1299 00b9 0B       		.uleb128 0xb
 1300 00ba 27       		.uleb128 0x27
 1301 00bb 19       		.uleb128 0x19
 1302 00bc 11       		.uleb128 0x11
 1303 00bd 01       		.uleb128 0x1
 1304 00be 12       		.uleb128 0x12
 1305 00bf 06       		.uleb128 0x6
 1306 00c0 40       		.uleb128 0x40
 1307 00c1 18       		.uleb128 0x18
 1308 00c2 9742     		.uleb128 0x2117
 1309 00c4 19       		.uleb128 0x19
 1310 00c5 01       		.uleb128 0x1
 1311 00c6 13       		.uleb128 0x13
 1312 00c7 00       		.byte	0
 1313 00c8 00       		.byte	0
 1314 00c9 10       		.uleb128 0x10
 1315 00ca 34       		.uleb128 0x34
 1316 00cb 00       		.byte	0
 1317 00cc 03       		.uleb128 0x3
 1318 00cd 08       		.uleb128 0x8
 1319 00ce 3A       		.uleb128 0x3a
 1320 00cf 0B       		.uleb128 0xb
 1321 00d0 3B       		.uleb128 0x3b
 1322 00d1 0B       		.uleb128 0xb
 1323 00d2 49       		.uleb128 0x49
 1324 00d3 13       		.uleb128 0x13
 1325 00d4 02       		.uleb128 0x2
 1326 00d5 18       		.uleb128 0x18
 1327 00d6 00       		.byte	0
 1328 00d7 00       		.byte	0
 1329 00d8 11       		.uleb128 0x11
 1330 00d9 0B       		.uleb128 0xb
 1331 00da 01       		.byte	0x1
 1332 00db 11       		.uleb128 0x11
 1333 00dc 01       		.uleb128 0x1
 1334 00dd 12       		.uleb128 0x12
 1335 00de 06       		.uleb128 0x6
 1336 00df 00       		.byte	0
 1337 00e0 00       		.byte	0
 1338 00e1 12       		.uleb128 0x12
 1339 00e2 34       		.uleb128 0x34
 1340 00e3 00       		.byte	0
 1341 00e4 03       		.uleb128 0x3
 1342 00e5 0E       		.uleb128 0xe
 1343 00e6 3A       		.uleb128 0x3a
 1344 00e7 0B       		.uleb128 0xb
 1345 00e8 3B       		.uleb128 0x3b
 1346 00e9 0B       		.uleb128 0xb
 1347 00ea 49       		.uleb128 0x49
 1348 00eb 13       		.uleb128 0x13
 1349 00ec 02       		.uleb128 0x2
 1350 00ed 18       		.uleb128 0x18
 1351 00ee 00       		.byte	0
 1352 00ef 00       		.byte	0
 1353 00f0 13       		.uleb128 0x13
 1354 00f1 26       		.uleb128 0x26
ARM GAS  C:\Users\LOCALA~1\AppData\Local\Temp\cclBU2Ch.s 			page 32


 1355 00f2 00       		.byte	0
 1356 00f3 49       		.uleb128 0x49
 1357 00f4 13       		.uleb128 0x13
 1358 00f5 00       		.byte	0
 1359 00f6 00       		.byte	0
 1360 00f7 14       		.uleb128 0x14
 1361 00f8 2E       		.uleb128 0x2e
 1362 00f9 00       		.byte	0
 1363 00fa 03       		.uleb128 0x3
 1364 00fb 0E       		.uleb128 0xe
 1365 00fc 3A       		.uleb128 0x3a
 1366 00fd 0B       		.uleb128 0xb
 1367 00fe 3B       		.uleb128 0x3b
 1368 00ff 0B       		.uleb128 0xb
 1369 0100 27       		.uleb128 0x27
 1370 0101 19       		.uleb128 0x19
 1371 0102 11       		.uleb128 0x11
 1372 0103 01       		.uleb128 0x1
 1373 0104 12       		.uleb128 0x12
 1374 0105 06       		.uleb128 0x6
 1375 0106 40       		.uleb128 0x40
 1376 0107 18       		.uleb128 0x18
 1377 0108 9642     		.uleb128 0x2116
 1378 010a 19       		.uleb128 0x19
 1379 010b 00       		.byte	0
 1380 010c 00       		.byte	0
 1381 010d 15       		.uleb128 0x15
 1382 010e 2E       		.uleb128 0x2e
 1383 010f 00       		.byte	0
 1384 0110 03       		.uleb128 0x3
 1385 0111 0E       		.uleb128 0xe
 1386 0112 3A       		.uleb128 0x3a
 1387 0113 0B       		.uleb128 0xb
 1388 0114 3B       		.uleb128 0x3b
 1389 0115 05       		.uleb128 0x5
 1390 0116 27       		.uleb128 0x27
 1391 0117 19       		.uleb128 0x19
 1392 0118 11       		.uleb128 0x11
 1393 0119 01       		.uleb128 0x1
 1394 011a 12       		.uleb128 0x12
 1395 011b 06       		.uleb128 0x6
 1396 011c 40       		.uleb128 0x40
 1397 011d 18       		.uleb128 0x18
 1398 011e 9742     		.uleb128 0x2117
 1399 0120 19       		.uleb128 0x19
 1400 0121 00       		.byte	0
 1401 0122 00       		.byte	0
 1402 0123 16       		.uleb128 0x16
 1403 0124 2E       		.uleb128 0x2e
 1404 0125 01       		.byte	0x1
 1405 0126 3F       		.uleb128 0x3f
 1406 0127 19       		.uleb128 0x19
 1407 0128 03       		.uleb128 0x3
 1408 0129 0E       		.uleb128 0xe
 1409 012a 3A       		.uleb128 0x3a
 1410 012b 0B       		.uleb128 0xb
 1411 012c 3B       		.uleb128 0x3b
ARM GAS  C:\Users\LOCALA~1\AppData\Local\Temp\cclBU2Ch.s 			page 33


 1412 012d 05       		.uleb128 0x5
 1413 012e 27       		.uleb128 0x27
 1414 012f 19       		.uleb128 0x19
 1415 0130 11       		.uleb128 0x11
 1416 0131 01       		.uleb128 0x1
 1417 0132 12       		.uleb128 0x12
 1418 0133 06       		.uleb128 0x6
 1419 0134 40       		.uleb128 0x40
 1420 0135 18       		.uleb128 0x18
 1421 0136 9642     		.uleb128 0x2116
 1422 0138 19       		.uleb128 0x19
 1423 0139 01       		.uleb128 0x1
 1424 013a 13       		.uleb128 0x13
 1425 013b 00       		.byte	0
 1426 013c 00       		.byte	0
 1427 013d 17       		.uleb128 0x17
 1428 013e 34       		.uleb128 0x34
 1429 013f 00       		.byte	0
 1430 0140 03       		.uleb128 0x3
 1431 0141 0E       		.uleb128 0xe
 1432 0142 3A       		.uleb128 0x3a
 1433 0143 0B       		.uleb128 0xb
 1434 0144 3B       		.uleb128 0x3b
 1435 0145 05       		.uleb128 0x5
 1436 0146 49       		.uleb128 0x49
 1437 0147 13       		.uleb128 0x13
 1438 0148 02       		.uleb128 0x2
 1439 0149 18       		.uleb128 0x18
 1440 014a 00       		.byte	0
 1441 014b 00       		.byte	0
 1442 014c 18       		.uleb128 0x18
 1443 014d 13       		.uleb128 0x13
 1444 014e 01       		.byte	0x1
 1445 014f 0B       		.uleb128 0xb
 1446 0150 0B       		.uleb128 0xb
 1447 0151 3A       		.uleb128 0x3a
 1448 0152 0B       		.uleb128 0xb
 1449 0153 3B       		.uleb128 0x3b
 1450 0154 05       		.uleb128 0x5
 1451 0155 01       		.uleb128 0x1
 1452 0156 13       		.uleb128 0x13
 1453 0157 00       		.byte	0
 1454 0158 00       		.byte	0
 1455 0159 19       		.uleb128 0x19
 1456 015a 0D       		.uleb128 0xd
 1457 015b 00       		.byte	0
 1458 015c 03       		.uleb128 0x3
 1459 015d 0E       		.uleb128 0xe
 1460 015e 3A       		.uleb128 0x3a
 1461 015f 0B       		.uleb128 0xb
 1462 0160 3B       		.uleb128 0x3b
 1463 0161 05       		.uleb128 0x5
 1464 0162 49       		.uleb128 0x49
 1465 0163 13       		.uleb128 0x13
 1466 0164 38       		.uleb128 0x38
 1467 0165 0B       		.uleb128 0xb
 1468 0166 00       		.byte	0
ARM GAS  C:\Users\LOCALA~1\AppData\Local\Temp\cclBU2Ch.s 			page 34


 1469 0167 00       		.byte	0
 1470 0168 1A       		.uleb128 0x1a
 1471 0169 01       		.uleb128 0x1
 1472 016a 01       		.byte	0x1
 1473 016b 49       		.uleb128 0x49
 1474 016c 13       		.uleb128 0x13
 1475 016d 01       		.uleb128 0x1
 1476 016e 13       		.uleb128 0x13
 1477 016f 00       		.byte	0
 1478 0170 00       		.byte	0
 1479 0171 1B       		.uleb128 0x1b
 1480 0172 21       		.uleb128 0x21
 1481 0173 00       		.byte	0
 1482 0174 49       		.uleb128 0x49
 1483 0175 13       		.uleb128 0x13
 1484 0176 2F       		.uleb128 0x2f
 1485 0177 0B       		.uleb128 0xb
 1486 0178 00       		.byte	0
 1487 0179 00       		.byte	0
 1488 017a 1C       		.uleb128 0x1c
 1489 017b 34       		.uleb128 0x34
 1490 017c 00       		.byte	0
 1491 017d 03       		.uleb128 0x3
 1492 017e 08       		.uleb128 0x8
 1493 017f 3A       		.uleb128 0x3a
 1494 0180 0B       		.uleb128 0xb
 1495 0181 3B       		.uleb128 0x3b
 1496 0182 05       		.uleb128 0x5
 1497 0183 49       		.uleb128 0x49
 1498 0184 13       		.uleb128 0x13
 1499 0185 02       		.uleb128 0x2
 1500 0186 18       		.uleb128 0x18
 1501 0187 00       		.byte	0
 1502 0188 00       		.byte	0
 1503 0189 00       		.byte	0
 1504              		.section	.debug_aranges,"",%progbits
 1505 0000 4C000000 		.4byte	0x4c
 1506 0004 0200     		.2byte	0x2
 1507 0006 00000000 		.4byte	.Ldebug_info0
 1508 000a 04       		.byte	0x4
 1509 000b 00       		.byte	0
 1510 000c 0000     		.2byte	0
 1511 000e 0000     		.2byte	0
 1512 0010 00000000 		.4byte	.LFB1
 1513 0014 1E000000 		.4byte	.LFE1-.LFB1
 1514 0018 00000000 		.4byte	.LFB2
 1515 001c 20000000 		.4byte	.LFE2-.LFB2
 1516 0020 00000000 		.4byte	.LFB3
 1517 0024 20000000 		.4byte	.LFE3-.LFB3
 1518 0028 00000000 		.4byte	.LFB4
 1519 002c 82000000 		.4byte	.LFE4-.LFB4
 1520 0030 00000000 		.4byte	.LFB5
 1521 0034 74000000 		.4byte	.LFE5-.LFB5
 1522 0038 00000000 		.4byte	.LFB6
 1523 003c 28000000 		.4byte	.LFE6-.LFB6
 1524 0040 74000000 		.4byte	.LFB7
 1525 0044 E0010000 		.4byte	.LFE7-.LFB7
ARM GAS  C:\Users\LOCALA~1\AppData\Local\Temp\cclBU2Ch.s 			page 35


 1526 0048 00000000 		.4byte	0
 1527 004c 00000000 		.4byte	0
 1528              		.section	.debug_ranges,"",%progbits
 1529              	.Ldebug_ranges0:
 1530 0000 00000000 		.4byte	.LFB1
 1531 0004 1E000000 		.4byte	.LFE1
 1532 0008 00000000 		.4byte	.LFB2
 1533 000c 20000000 		.4byte	.LFE2
 1534 0010 00000000 		.4byte	.LFB3
 1535 0014 20000000 		.4byte	.LFE3
 1536 0018 00000000 		.4byte	.LFB4
 1537 001c 82000000 		.4byte	.LFE4
 1538 0020 00000000 		.4byte	.LFB5
 1539 0024 74000000 		.4byte	.LFE5
 1540 0028 00000000 		.4byte	.LFB6
 1541 002c 28000000 		.4byte	.LFE6
 1542 0030 74000000 		.4byte	.LFB7
 1543 0034 54020000 		.4byte	.LFE7
 1544 0038 00000000 		.4byte	0
 1545 003c 00000000 		.4byte	0
 1546              		.section	.debug_line,"",%progbits
 1547              	.Ldebug_line0:
 1548 0000 A1010000 		.section	.debug_str,"MS",%progbits,1
 1548      0200CB00 
 1548      00000201 
 1548      FB0E0D00 
 1548      01010101 
 1549              	.LASF19:
 1550 0000 72656733 		.ascii	"reg32\000"
 1550      3200
 1551              	.LASF12:
 1552 0006 73697A65 		.ascii	"size_t\000"
 1552      5F7400
 1553              	.LASF33:
 1554 000d 416E616C 		.ascii	"AnalogSetDefault\000"
 1554      6F675365 
 1554      74446566 
 1554      61756C74 
 1554      00
 1555              	.LASF21:
 1556 001e 76616C75 		.ascii	"value\000"
 1556      6500
 1557              	.LASF31:
 1558 0024 636F756E 		.ascii	"count\000"
 1558      7400
 1559              	.LASF32:
 1560 002a 436C6F63 		.ascii	"ClockSetup\000"
 1560      6B536574 
 1560      757000
 1561              	.LASF34:
 1562 0035 63795F63 		.ascii	"cy_cfg_addr_table\000"
 1562      66675F61 
 1562      6464725F 
 1562      7461626C 
 1562      6500
 1563              	.LASF35:
 1564 0047 63795F63 		.ascii	"cy_cfg_data_table\000"
ARM GAS  C:\Users\LOCALA~1\AppData\Local\Temp\cclBU2Ch.s 			page 36


 1564      66675F64 
 1564      6174615F 
 1564      7461626C 
 1564      6500
 1565              	.LASF16:
 1566 0059 666C6F61 		.ascii	"float\000"
 1566      7400
 1567              	.LASF25:
 1568 005f 64657374 		.ascii	"dest\000"
 1568      00
 1569              	.LASF39:
 1570 0064 6366675F 		.ascii	"cfg_memset_list\000"
 1570      6D656D73 
 1570      65745F6C 
 1570      69737400 
 1571              	.LASF37:
 1572 0074 73697A65 		.ascii	"size\000"
 1572      00
 1573              	.LASF18:
 1574 0079 72656738 		.ascii	"reg8\000"
 1574      00
 1575              	.LASF8:
 1576 007e 6C6F6E67 		.ascii	"long unsigned int\000"
 1576      20756E73 
 1576      69676E65 
 1576      6420696E 
 1576      7400
 1577              	.LASF13:
 1578 0090 75696E74 		.ascii	"uint8\000"
 1578      3800
 1579              	.LASF23:
 1580 0096 43594D45 		.ascii	"CYMEMZERO\000"
 1580      4D5A4552 
 1580      4F00
 1581              	.LASF40:
 1582 00a0 474E5520 		.ascii	"GNU C11 5.4.1 20160609 (release) [ARM/embedded-5-br"
 1582      43313120 
 1582      352E342E 
 1582      31203230 
 1582      31363036 
 1583 00d3 616E6368 		.ascii	"anch revision 237715] -mcpu=cortex-m0 -mthumb -g -O"
 1583      20726576 
 1583      6973696F 
 1583      6E203233 
 1583      37373135 
 1584 0106 30202D66 		.ascii	"0 -ffunction-sections -ffat-lto-objects\000"
 1584      66756E63 
 1584      74696F6E 
 1584      2D736563 
 1584      74696F6E 
 1585              	.LASF4:
 1586 012e 756E7369 		.ascii	"unsigned char\000"
 1586      676E6564 
 1586      20636861 
 1586      7200
 1587              	.LASF17:
 1588 013c 646F7562 		.ascii	"double\000"
ARM GAS  C:\Users\LOCALA~1\AppData\Local\Temp\cclBU2Ch.s 			page 37


 1588      6C6500
 1589              	.LASF27:
 1590 0143 6366675F 		.ascii	"cfg_write_bytes32\000"
 1590      77726974 
 1590      655F6279 
 1590      74657333 
 1590      3200
 1591              	.LASF43:
 1592 0155 63796669 		.ascii	"cyfitter_cfg\000"
 1592      74746572 
 1592      5F636667 
 1592      00
 1593              	.LASF28:
 1594 0162 61646472 		.ascii	"addr_table\000"
 1594      5F746162 
 1594      6C6500
 1595              	.LASF14:
 1596 016d 75696E74 		.ascii	"uint16\000"
 1596      313600
 1597              	.LASF29:
 1598 0174 64617461 		.ascii	"data_table\000"
 1598      5F746162 
 1598      6C6500
 1599              	.LASF15:
 1600 017f 75696E74 		.ascii	"uint32\000"
 1600      333200
 1601              	.LASF0:
 1602 0186 756E7369 		.ascii	"unsigned int\000"
 1602      676E6564 
 1602      20696E74 
 1602      00
 1603              	.LASF36:
 1604 0193 61646472 		.ascii	"address\000"
 1604      65737300 
 1605              	.LASF9:
 1606 019b 6C6F6E67 		.ascii	"long long unsigned int\000"
 1606      206C6F6E 
 1606      6720756E 
 1606      7369676E 
 1606      65642069 
 1607              	.LASF42:
 1608 01b2 433A5C53 		.ascii	"C:\\SysTick_Example02.cydsn\\SysTick_Example02.cyds"
 1608      79735469 
 1608      636B5F45 
 1608      78616D70 
 1608      6C653032 
 1609 01e3 6E00     		.ascii	"n\000"
 1610              	.LASF38:
 1611 01e5 6366675F 		.ascii	"cfg_memset_t\000"
 1611      6D656D73 
 1611      65745F74 
 1611      00
 1612              	.LASF30:
 1613 01f2 62617365 		.ascii	"baseAddr\000"
 1613      41646472 
 1613      00
 1614              	.LASF10:
ARM GAS  C:\Users\LOCALA~1\AppData\Local\Temp\cclBU2Ch.s 			page 38


 1615 01fb 73697A65 		.ascii	"sizetype\000"
 1615      74797065 
 1615      00
 1616              	.LASF6:
 1617 0204 73686F72 		.ascii	"short unsigned int\000"
 1617      7420756E 
 1617      7369676E 
 1617      65642069 
 1617      6E7400
 1618              	.LASF1:
 1619 0217 6C6F6E67 		.ascii	"long long int\000"
 1619      206C6F6E 
 1619      6720696E 
 1619      7400
 1620              	.LASF11:
 1621 0225 63686172 		.ascii	"char\000"
 1621      00
 1622              	.LASF22:
 1623 022a 63795F63 		.ascii	"cy_cfg_addrvalue_t\000"
 1623      66675F61 
 1623      64647276 
 1623      616C7565 
 1623      5F7400
 1624              	.LASF20:
 1625 023d 6F666673 		.ascii	"offset\000"
 1625      657400
 1626              	.LASF5:
 1627 0244 73686F72 		.ascii	"short int\000"
 1627      7420696E 
 1627      7400
 1628              	.LASF7:
 1629 024e 6C6F6E67 		.ascii	"long int\000"
 1629      20696E74 
 1629      00
 1630              	.LASF2:
 1631 0257 6C6F6E67 		.ascii	"long double\000"
 1631      20646F75 
 1631      626C6500 
 1632              	.LASF3:
 1633 0263 7369676E 		.ascii	"signed char\000"
 1633      65642063 
 1633      68617200 
 1634              	.LASF41:
 1635 026f 47656E65 		.ascii	"Generated_Source\\PSoC4\\cyfitter_cfg.c\000"
 1635      72617465 
 1635      645F536F 
 1635      75726365 
 1635      5C50536F 
 1636              	.LASF26:
 1637 0295 4359434F 		.ascii	"CYCONFIGCPYCODE\000"
 1637      4E464947 
 1637      43505943 
 1637      4F444500 
 1638              	.LASF24:
 1639 02a5 4359434F 		.ascii	"CYCONFIGCPY\000"
 1639      4E464947 
 1639      43505900 
ARM GAS  C:\Users\LOCALA~1\AppData\Local\Temp\cclBU2Ch.s 			page 39


 1640              		.ident	"GCC: (GNU Tools for ARM Embedded Processors) 5.4.1 20160609 (release) [ARM/embedded-5-bran
